# JRE version: OpenJDK Runtime Environment (17.0.10) (build 17.0.10+0--11609105)
# Java VM: OpenJDK 64-Bit Server VM (17.0.10+0--11609105, mixed mode, tiered, compressed oops, compressed class ptrs, g1 gc, windows-amd64)
GC Precious Log:
 CPUs: 8 total, 8 available
 Memory: 7502M
 Large Page Support: Disabled
 NUMA Support: Disabled
 Compressed Oops: Enabled (32-bit)
 Heap Region Size: 1M
 Heap Min Capacity: 8M
 Heap Initial Capacity: 118M
 Heap Max Capacity: 2G
 Pre-touch: Disabled
 Parallel Workers: 8
 Concurrent Workers: 2
 Concurrent Refinement Workers: 8
 Periodic GC: Disabled
Heap:
 garbage-first heap   total 286720K, used 134329K [0x0000000080000000, 0x0000000100000000)
  region size 1024K, 30 young (30720K), 7 survivors (7168K)
 Metaspace       used 98054K, committed 98752K, reserved 1179648K
  class space    used 12768K, committed 13056K, reserved 1048576K
GC Heap History (20 events):
Event: 21.339 GC heap before
{Heap before GC invocations=54 (full 0):
 garbage-first heap   total 238592K, used 203469K [0x0000000080000000, 0x0000000100000000)
  region size 1024K, 138 young (141312K), 10 survivors (10240K)
 Metaspace       used 47496K, committed 47936K, reserved 1114112K
  class space    used 6266K, committed 6464K, reserved 1048576K
}
Event: 21.347 GC heap after
{Heap after GC invocations=55 (full 0):
 garbage-first heap   total 238592K, used 73580K [0x0000000080000000, 0x0000000100000000)
  region size 1024K, 10 young (10240K), 10 survivors (10240K)
 Metaspace       used 47496K, committed 47936K, reserved 1114112K
  class space    used 6266K, committed 6464K, reserved 1048576K
}
Event: 21.741 GC heap before
{Heap before GC invocations=55 (full 0):
 garbage-first heap   total 238592K, used 204652K [0x0000000080000000, 0x0000000100000000)
  region size 1024K, 137 young (140288K), 10 survivors (10240K)
 Metaspace       used 47497K, committed 47936K, reserved 1114112K
  class space    used 6266K, committed 6464K, reserved 1048576K
}
Event: 21.750 GC heap after
{Heap after GC invocations=56 (full 0):
 garbage-first heap   total 238592K, used 74818K [0x0000000080000000, 0x0000000100000000)
  region size 1024K, 10 young (10240K), 10 survivors (10240K)
 Metaspace       used 47497K, committed 47936K, reserved 1114112K
  class space    used 6266K, committed 6464K, reserved 1048576K
}
Event: 22.363 GC heap before
{Heap before GC invocations=56 (full 0):
 garbage-first heap   total 238592K, used 202818K [0x0000000080000000, 0x0000000100000000)
  region size 1024K, 135 young (138240K), 10 survivors (10240K)
 Metaspace       used 47499K, committed 47936K, reserved 1114112K
  class space    used 6266K, committed 6464K, reserved 1048576K
}
Event: 22.372 GC heap after
{Heap after GC invocations=57 (full 0):
 garbage-first heap   total 238592K, used 76642K [0x0000000080000000, 0x0000000100000000)
  region size 1024K, 11 young (11264K), 11 survivors (11264K)
 Metaspace       used 47499K, committed 47936K, reserved 1114112K
  class space    used 6266K, committed 6464K, reserved 1048576K
}
Event: 22.929 GC heap before
{Heap before GC invocations=57 (full 0):
 garbage-first heap   total 238592K, used 201570K [0x0000000080000000, 0x0000000100000000)
  region size 1024K, 133 young (136192K), 11 survivors (11264K)
 Metaspace       used 47500K, committed 47936K, reserved 1114112K
  class space    used 6266K, committed 6464K, reserved 1048576K
}
Event: 22.939 GC heap after
{Heap after GC invocations=58 (full 0):
 garbage-first heap   total 238592K, used 77730K [0x0000000080000000, 0x0000000100000000)
  region size 1024K, 10 young (10240K), 10 survivors (10240K)
 Metaspace       used 47500K, committed 47936K, reserved 1114112K
  class space    used 6266K, committed 6464K, reserved 1048576K
}
Event: 24.915 GC heap before
{Heap before GC invocations=58 (full 0):
 garbage-first heap   total 238592K, used 216994K [0x0000000080000000, 0x0000000100000000)
  region size 1024K, 133 young (136192K), 10 survivors (10240K)
 Metaspace       used 51511K, committed 52096K, reserved 1114112K
  class space    used 6764K, committed 7040K, reserved 1048576K
}
Event: 24.921 GC heap after
{Heap after GC invocations=59 (full 0):
 garbage-first heap   total 238592K, used 78404K [0x0000000080000000, 0x0000000100000000)
  region size 1024K, 8 young (8192K), 8 survivors (8192K)
 Metaspace       used 51511K, committed 52096K, reserved 1114112K
  class space    used 6764K, committed 7040K, reserved 1048576K
}
Event: 28.048 GC heap before
{Heap before GC invocations=59 (full 0):
 garbage-first heap   total 238592K, used 213572K [0x0000000080000000, 0x0000000100000000)
  region size 1024K, 131 young (134144K), 8 survivors (8192K)
 Metaspace       used 69682K, committed 70336K, reserved 1114112K
  class space    used 9564K, committed 9856K, reserved 1048576K
}
Event: 28.063 GC heap after
{Heap after GC invocations=60 (full 0):
 garbage-first heap   total 238592K, used 96026K [0x0000000080000000, 0x0000000100000000)
  region size 1024K, 15 young (15360K), 15 survivors (15360K)
 Metaspace       used 69682K, committed 70336K, reserved 1114112K
  class space    used 9564K, committed 9856K, reserved 1048576K
}
Event: 29.875 GC heap before
{Heap before GC invocations=60 (full 0):
 garbage-first heap   total 238592K, used 194330K [0x0000000080000000, 0x0000000100000000)
  region size 1024K, 106 young (108544K), 15 survivors (15360K)
 Metaspace       used 78566K, committed 79168K, reserved 1179648K
  class space    used 10489K, committed 10752K, reserved 1048576K
}
Event: 29.896 GC heap after
{Heap after GC invocations=61 (full 0):
 garbage-first heap   total 238592K, used 105989K [0x0000000080000000, 0x0000000100000000)
  region size 1024K, 15 young (15360K), 15 survivors (15360K)
 Metaspace       used 78566K, committed 79168K, reserved 1179648K
  class space    used 10489K, committed 10752K, reserved 1048576K
}
Event: 31.642 GC heap before
{Heap before GC invocations=62 (full 0):
 garbage-first heap   total 238592K, used 194053K [0x0000000080000000, 0x0000000100000000)
  region size 1024K, 101 young (103424K), 15 survivors (15360K)
 Metaspace       used 88059K, committed 88704K, reserved 1179648K
  class space    used 11639K, committed 11904K, reserved 1048576K
}
Event: 31.661 GC heap after
{Heap after GC invocations=63 (full 0):
 garbage-first heap   total 238592K, used 111946K [0x0000000080000000, 0x0000000100000000)
  region size 1024K, 7 young (7168K), 7 survivors (7168K)
 Metaspace       used 88059K, committed 88704K, reserved 1179648K
  class space    used 11639K, committed 11904K, reserved 1048576K
}
Event: 31.701 GC heap before
{Heap before GC invocations=63 (full 0):
 garbage-first heap   total 238592K, used 116042K [0x0000000080000000, 0x0000000100000000)
  region size 1024K, 11 young (11264K), 7 survivors (7168K)
 Metaspace       used 88069K, committed 88704K, reserved 1179648K
  class space    used 11639K, committed 11904K, reserved 1048576K
}
Event: 31.707 GC heap after
{Heap after GC invocations=64 (full 0):
 garbage-first heap   total 238592K, used 108722K [0x0000000080000000, 0x0000000100000000)
  region size 1024K, 2 young (2048K), 2 survivors (2048K)
 Metaspace       used 88069K, committed 88704K, reserved 1179648K
  class space    used 11639K, committed 11904K, reserved 1048576K
}
Event: 33.194 GC heap before
{Heap before GC invocations=64 (full 0):
 garbage-first heap   total 238592K, used 194738K [0x0000000080000000, 0x0000000100000000)
  region size 1024K, 86 young (88064K), 2 survivors (2048K)
 Metaspace       used 94918K, committed 95488K, reserved 1179648K
  class space    used 12417K, committed 12672K, reserved 1048576K
}
Event: 33.210 GC heap after
{Heap after GC invocations=65 (full 0):
 garbage-first heap   total 286720K, used 113849K [0x0000000080000000, 0x0000000100000000)
  region size 1024K, 7 young (7168K), 7 survivors (7168K)
 Metaspace       used 94918K, committed 95488K, reserved 1179648K
  class space    used 12417K, committed 12672K, reserved 1048576K
}

