# JRE version: OpenJDK Runtime Environment (17.0.10) (build 17.0.10+0--11609105)
# Java VM: OpenJDK 64-Bit Server VM (17.0.10+0--11609105, mixed mode, tiered, compressed oops, compressed class ptrs, g1 gc, windows-amd64)
GC Precious Log:
 CPUs: 8 total, 8 available
 Memory: 7502M
 Large Page Support: Disabled
 NUMA Support: Disabled
 Compressed Oops: Enabled (32-bit)
 Heap Region Size: 1M
 Heap Min Capacity: 8M
 Heap Initial Capacity: 118M
 Heap Max Capacity: 2G
 Pre-touch: Disabled
 Parallel Workers: 8
 Concurrent Workers: 2
 Concurrent Refinement Workers: 8
 Periodic GC: Disabled
Heap:
 garbage-first heap   total 124928K, used 68831K [0x0000000080000000, 0x0000000100000000)
  region size 1024K, 4 young (4096K), 4 survivors (4096K)
 Metaspace       used 74935K, committed 75456K, reserved 1114112K
  class space    used 9959K, committed 10176K, reserved 1048576K
GC Heap History (20 events):
Event: 5.920 GC heap after
{Heap after GC invocations=18 (full 0):
 garbage-first heap   total 82944K, used 55144K [0x0000000080000000, 0x0000000100000000)
  region size 1024K, 1 young (1024K), 1 survivors (1024K)
 Metaspace       used 53322K, committed 53824K, reserved 1114112K
  class space    used 7201K, committed 7424K, reserved 1048576K
}
Event: 6.089 GC heap before
{Heap before GC invocations=18 (full 0):
 garbage-first heap   total 82944K, used 66408K [0x0000000080000000, 0x0000000100000000)
  region size 1024K, 12 young (12288K), 1 survivors (1024K)
 Metaspace       used 54901K, committed 55424K, reserved 1114112K
  class space    used 7424K, committed 7680K, reserved 1048576K
}
Event: 6.091 GC heap after
{Heap after GC invocations=19 (full 0):
 garbage-first heap   total 114688K, used 55411K [0x0000000080000000, 0x0000000100000000)
  region size 1024K, 1 young (1024K), 1 survivors (1024K)
 Metaspace       used 54901K, committed 55424K, reserved 1114112K
  class space    used 7424K, committed 7680K, reserved 1048576K
}
Event: 6.561 GC heap before
{Heap before GC invocations=20 (full 0):
 garbage-first heap   total 114688K, used 86131K [0x0000000080000000, 0x0000000100000000)
  region size 1024K, 31 young (31744K), 1 survivors (1024K)
 Metaspace       used 59805K, committed 60352K, reserved 1114112K
  class space    used 8008K, committed 8256K, reserved 1048576K
}
Event: 6.563 GC heap after
{Heap after GC invocations=21 (full 0):
 garbage-first heap   total 114688K, used 56628K [0x0000000080000000, 0x0000000100000000)
  region size 1024K, 2 young (2048K), 2 survivors (2048K)
 Metaspace       used 59805K, committed 60352K, reserved 1114112K
  class space    used 8008K, committed 8256K, reserved 1048576K
}
Event: 6.654 GC heap before
{Heap before GC invocations=21 (full 0):
 garbage-first heap   total 114688K, used 59700K [0x0000000080000000, 0x0000000100000000)
  region size 1024K, 5 young (5120K), 2 survivors (2048K)
 Metaspace       used 61105K, committed 61632K, reserved 1114112K
  class space    used 8171K, committed 8384K, reserved 1048576K
}
Event: 6.657 GC heap after
{Heap after GC invocations=22 (full 0):
 garbage-first heap   total 114688K, used 56470K [0x0000000080000000, 0x0000000100000000)
  region size 1024K, 1 young (1024K), 1 survivors (1024K)
 Metaspace       used 61105K, committed 61632K, reserved 1114112K
  class space    used 8171K, committed 8384K, reserved 1048576K
}
Event: 6.851 GC heap before
{Heap before GC invocations=22 (full 0):
 garbage-first heap   total 114688K, used 68758K [0x0000000080000000, 0x0000000100000000)
  region size 1024K, 14 young (14336K), 1 survivors (1024K)
 Metaspace       used 63502K, committed 64064K, reserved 1114112K
  class space    used 8473K, committed 8768K, reserved 1048576K
}
Event: 6.853 GC heap after
{Heap after GC invocations=23 (full 0):
 garbage-first heap   total 114688K, used 57932K [0x0000000080000000, 0x0000000100000000)
  region size 1024K, 2 young (2048K), 2 survivors (2048K)
 Metaspace       used 63502K, committed 64064K, reserved 1114112K
  class space    used 8473K, committed 8768K, reserved 1048576K
}
Event: 7.190 GC heap before
{Heap before GC invocations=24 (full 0):
 garbage-first heap   total 124928K, used 95820K [0x0000000080000000, 0x0000000100000000)
  region size 1024K, 33 young (33792K), 2 survivors (2048K)
 Metaspace       used 65572K, committed 66176K, reserved 1114112K
  class space    used 8746K, committed 9024K, reserved 1048576K
}
Event: 7.194 GC heap after
{Heap after GC invocations=25 (full 0):
 garbage-first heap   total 124928K, used 60873K [0x0000000080000000, 0x0000000100000000)
  region size 1024K, 5 young (5120K), 5 survivors (5120K)
 Metaspace       used 65572K, committed 66176K, reserved 1114112K
  class space    used 8746K, committed 9024K, reserved 1048576K
}
Event: 7.204 GC heap before
{Heap before GC invocations=25 (full 0):
 garbage-first heap   total 124928K, used 61897K [0x0000000080000000, 0x0000000100000000)
  region size 1024K, 6 young (6144K), 5 survivors (5120K)
 Metaspace       used 65632K, committed 66240K, reserved 1114112K
  class space    used 8754K, committed 9024K, reserved 1048576K
}
Event: 7.207 GC heap after
{Heap after GC invocations=26 (full 0):
 garbage-first heap   total 124928K, used 60996K [0x0000000080000000, 0x0000000100000000)
  region size 1024K, 1 young (1024K), 1 survivors (1024K)
 Metaspace       used 65632K, committed 66240K, reserved 1114112K
  class space    used 8754K, committed 9024K, reserved 1048576K
}
Event: 7.707 GC heap before
{Heap before GC invocations=26 (full 0):
 garbage-first heap   total 124928K, used 95812K [0x0000000080000000, 0x0000000100000000)
  region size 1024K, 35 young (35840K), 1 survivors (1024K)
 Metaspace       used 69121K, committed 69696K, reserved 1114112K
  class space    used 9202K, committed 9472K, reserved 1048576K
}
Event: 7.710 GC heap after
{Heap after GC invocations=27 (full 0):
 garbage-first heap   total 124928K, used 63163K [0x0000000080000000, 0x0000000100000000)
  region size 1024K, 3 young (3072K), 3 survivors (3072K)
 Metaspace       used 69121K, committed 69696K, reserved 1114112K
  class space    used 9202K, committed 9472K, reserved 1048576K
}
Event: 8.236 GC heap before
{Heap before GC invocations=28 (full 0):
 garbage-first heap   total 124928K, used 97979K [0x0000000080000000, 0x0000000100000000)
  region size 1024K, 37 young (37888K), 3 survivors (3072K)
 Metaspace       used 73341K, committed 73920K, reserved 1114112K
  class space    used 9745K, committed 9984K, reserved 1048576K
}
Event: 8.240 GC heap after
{Heap after GC invocations=29 (full 0):
 garbage-first heap   total 124928K, used 65583K [0x0000000080000000, 0x0000000100000000)
  region size 1024K, 3 young (3072K), 3 survivors (3072K)
 Metaspace       used 73341K, committed 73920K, reserved 1114112K
  class space    used 9745K, committed 9984K, reserved 1048576K
}
Event: 8.276 GC heap before
{Heap before GC invocations=29 (full 0):
 garbage-first heap   total 124928K, used 68655K [0x0000000080000000, 0x0000000100000000)
  region size 1024K, 6 young (6144K), 3 survivors (3072K)
 Metaspace       used 73766K, committed 74304K, reserved 1114112K
  class space    used 9814K, committed 10048K, reserved 1048576K
}
Event: 8.278 GC heap after
{Heap after GC invocations=30 (full 0):
 garbage-first heap   total 124928K, used 65537K [0x0000000080000000, 0x0000000100000000)
  region size 1024K, 1 young (1024K), 1 survivors (1024K)
 Metaspace       used 73766K, committed 74304K, reserved 1114112K
  class space    used 9814K, committed 10048K, reserved 1048576K
}
Event: 8.570 GC heap before
{Heap before GC invocations=30 (full 0):
 garbage-first heap   total 124928K, used 98305K [0x0000000080000000, 0x0000000100000000)
  region size 1024K, 34 young (34816K), 1 survivors (1024K)
 Metaspace       used 74935K, committed 75456K, reserved 1114112K
  class space    used 9959K, committed 10176K, reserved 1048576K
}

