# JRE version: OpenJDK Runtime Environment (17.0.10) (build 17.0.10+0--11609105)
# Java VM: OpenJDK 64-Bit Server VM (17.0.10+0--11609105, mixed mode, tiered, compressed oops, compressed class ptrs, g1 gc, windows-amd64)
GC Precious Log:
 CPUs: 8 total, 8 available
 Memory: 7502M
 Large Page Support: Disabled
 NUMA Support: Disabled
 Compressed Oops: Enabled (32-bit)
 Heap Region Size: 1M
 Heap Min Capacity: 8M
 Heap Initial Capacity: 118M
 Heap Max Capacity: 2G
 Pre-touch: Disabled
 Parallel Workers: 8
 Concurrent Workers: 2
 Concurrent Refinement Workers: 8
 Periodic GC: Disabled
Heap:
 garbage-first heap   total 142336K, used 92100K [0x0000000080000000, 0x0000000100000000)
  region size 1024K, 4 young (4096K), 4 survivors (4096K)
 Metaspace       used 96913K, committed 97600K, reserved 1179648K
  class space    used 13229K, committed 13568K, reserved 1048576K
GC Heap History (20 events):
Event: 7.918 GC heap after
{Heap after GC invocations=26 (full 0):
 garbage-first heap   total 142336K, used 58889K [0x0000000080000000, 0x0000000100000000)
  region size 1024K, 1 young (1024K), 1 survivors (1024K)
 Metaspace       used 64187K, committed 64704K, reserved 1114112K
  class space    used 8587K, committed 8832K, reserved 1048576K
}
Event: 8.531 GC heap before
{Heap before GC invocations=26 (full 0):
 garbage-first heap   total 142336K, used 103945K [0x0000000080000000, 0x0000000100000000)
  region size 1024K, 45 young (46080K), 1 survivors (1024K)
 Metaspace       used 68789K, committed 69376K, reserved 1114112K
  class space    used 9157K, committed 9408K, reserved 1048576K
}
Event: 8.534 GC heap after
{Heap after GC invocations=27 (full 0):
 garbage-first heap   total 142336K, used 61794K [0x0000000080000000, 0x0000000100000000)
  region size 1024K, 4 young (4096K), 4 survivors (4096K)
 Metaspace       used 68789K, committed 69376K, reserved 1114112K
  class space    used 9157K, committed 9408K, reserved 1048576K
}
Event: 9.141 GC heap before
{Heap before GC invocations=27 (full 0):
 garbage-first heap   total 142336K, used 107874K [0x0000000080000000, 0x0000000100000000)
  region size 1024K, 49 young (50176K), 4 survivors (4096K)
 Metaspace       used 74072K, committed 74624K, reserved 1114112K
  class space    used 9866K, committed 10112K, reserved 1048576K
}
Event: 9.146 GC heap after
{Heap after GC invocations=28 (full 0):
 garbage-first heap   total 142336K, used 64854K [0x0000000080000000, 0x0000000100000000)
  region size 1024K, 7 young (7168K), 7 survivors (7168K)
 Metaspace       used 74072K, committed 74624K, reserved 1114112K
  class space    used 9866K, committed 10112K, reserved 1048576K
}
Event: 9.736 GC heap before
{Heap before GC invocations=28 (full 0):
 garbage-first heap   total 142336K, used 109910K [0x0000000080000000, 0x0000000100000000)
  region size 1024K, 51 young (52224K), 7 survivors (7168K)
 Metaspace       used 76586K, committed 77120K, reserved 1179648K
  class space    used 10191K, committed 10432K, reserved 1048576K
}
Event: 9.742 GC heap after
{Heap after GC invocations=29 (full 0):
 garbage-first heap   total 142336K, used 68971K [0x0000000080000000, 0x0000000100000000)
  region size 1024K, 7 young (7168K), 7 survivors (7168K)
 Metaspace       used 76586K, committed 77120K, reserved 1179648K
  class space    used 10191K, committed 10432K, reserved 1048576K
}
Event: 10.379 GC heap before
{Heap before GC invocations=29 (full 0):
 garbage-first heap   total 142336K, used 113003K [0x0000000080000000, 0x0000000100000000)
  region size 1024K, 49 young (50176K), 7 survivors (7168K)
 Metaspace       used 81658K, committed 82176K, reserved 1179648K
  class space    used 11083K, committed 11328K, reserved 1048576K
}
Event: 10.386 GC heap after
{Heap after GC invocations=30 (full 0):
 garbage-first heap   total 142336K, used 71907K [0x0000000080000000, 0x0000000100000000)
  region size 1024K, 3 young (3072K), 3 survivors (3072K)
 Metaspace       used 81658K, committed 82176K, reserved 1179648K
  class space    used 11083K, committed 11328K, reserved 1048576K
}
Event: 10.963 GC heap before
{Heap before GC invocations=30 (full 0):
 garbage-first heap   total 142336K, used 114915K [0x0000000080000000, 0x0000000100000000)
  region size 1024K, 45 young (46080K), 3 survivors (3072K)
 Metaspace       used 85805K, committed 86336K, reserved 1179648K
  class space    used 11674K, committed 11904K, reserved 1048576K
}
Event: 10.968 GC heap after
{Heap after GC invocations=31 (full 0):
 garbage-first heap   total 142336K, used 74976K [0x0000000080000000, 0x0000000100000000)
  region size 1024K, 6 young (6144K), 6 survivors (6144K)
 Metaspace       used 85805K, committed 86336K, reserved 1179648K
  class space    used 11674K, committed 11904K, reserved 1048576K
}
Event: 11.569 GC heap before
{Heap before GC invocations=31 (full 0):
 garbage-first heap   total 142336K, used 114912K [0x0000000080000000, 0x0000000100000000)
  region size 1024K, 45 young (46080K), 6 survivors (6144K)
 Metaspace       used 91138K, committed 91776K, reserved 1179648K
  class space    used 12453K, committed 12736K, reserved 1048576K
}
Event: 11.575 GC heap after
{Heap after GC invocations=32 (full 0):
 garbage-first heap   total 142336K, used 78353K [0x0000000080000000, 0x0000000100000000)
  region size 1024K, 4 young (4096K), 4 survivors (4096K)
 Metaspace       used 91138K, committed 91776K, reserved 1179648K
  class space    used 12453K, committed 12736K, reserved 1048576K
}
Event: 11.952 GC heap before
{Heap before GC invocations=32 (full 0):
 garbage-first heap   total 142336K, used 116241K [0x0000000080000000, 0x0000000100000000)
  region size 1024K, 40 young (40960K), 4 survivors (4096K)
 Metaspace       used 94239K, committed 94912K, reserved 1179648K
  class space    used 12776K, committed 13120K, reserved 1048576K
}
Event: 11.958 GC heap after
{Heap after GC invocations=33 (full 0):
 garbage-first heap   total 142336K, used 83385K [0x0000000080000000, 0x0000000100000000)
  region size 1024K, 5 young (5120K), 5 survivors (5120K)
 Metaspace       used 94239K, committed 94912K, reserved 1179648K
  class space    used 12776K, committed 13120K, reserved 1048576K
}
Event: 12.440 GC heap before
{Heap before GC invocations=33 (full 0):
 garbage-first heap   total 142336K, used 115129K [0x0000000080000000, 0x0000000100000000)
  region size 1024K, 37 young (37888K), 5 survivors (5120K)
 Metaspace       used 96670K, committed 97344K, reserved 1179648K
  class space    used 13225K, committed 13568K, reserved 1048576K
}
Event: 12.446 GC heap after
{Heap after GC invocations=34 (full 0):
 garbage-first heap   total 142336K, used 88138K [0x0000000080000000, 0x0000000100000000)
  region size 1024K, 5 young (5120K), 5 survivors (5120K)
 Metaspace       used 96670K, committed 97344K, reserved 1179648K
  class space    used 13225K, committed 13568K, reserved 1048576K
}
Event: 12.611 GC heap before
{Heap before GC invocations=34 (full 0):
 garbage-first heap   total 142336K, used 114762K [0x0000000080000000, 0x0000000100000000)
  region size 1024K, 32 young (32768K), 5 survivors (5120K)
 Metaspace       used 96815K, committed 97472K, reserved 1179648K
  class space    used 13229K, committed 13568K, reserved 1048576K
}
Event: 12.616 GC heap after
{Heap after GC invocations=35 (full 0):
 garbage-first heap   total 142336K, used 90931K [0x0000000080000000, 0x0000000100000000)
  region size 1024K, 4 young (4096K), 4 survivors (4096K)
 Metaspace       used 96815K, committed 97472K, reserved 1179648K
  class space    used 13229K, committed 13568K, reserved 1048576K
}
Event: 12.789 GC heap before
{Heap before GC invocations=35 (full 0):
 garbage-first heap   total 142336K, used 116531K [0x0000000080000000, 0x0000000100000000)
  region size 1024K, 30 young (30720K), 4 survivors (4096K)
 Metaspace       used 96913K, committed 97600K, reserved 1179648K
  class space    used 13229K, committed 13568K, reserved 1048576K
}

