# JRE version: OpenJDK Runtime Environment (17.0.11) (build 17.0.11+0--11852314)
# Java VM: OpenJDK 64-Bit Server VM (17.0.11+0--11852314, mixed mode, tiered, compressed oops, compressed class ptrs, g1 gc, windows-amd64)
GC Precious Log:
 CPUs: 8 total, 8 available
 Memory: 7502M
 Large Page Support: Disabled
 NUMA Support: Disabled
 Compressed Oops: Enabled (32-bit)
 Heap Region Size: 1M
 Heap Min Capacity: 8M
 Heap Initial Capacity: 118M
 Heap Max Capacity: 2G
 Pre-touch: Disabled
 Parallel Workers: 8
 Concurrent Workers: 2
 Concurrent Refinement Workers: 8
 Periodic GC: Disabled
Heap:
 garbage-first heap   total 343040K, used 296227K [0x0000000080000000, 0x0000000100000000)
  region size 1024K, 18 young (18432K), 1 survivors (1024K)
 Metaspace       used 190467K, committed 191424K, reserved 1245184K
  class space    used 24466K, committed 24896K, reserved 1048576K
GC Heap History (20 events):
Event: 153.554 GC heap before
{Heap before GC invocations=112 (full 0):
 garbage-first heap   total 343040K, used 299522K [0x0000000080000000, 0x0000000100000000)
  region size 1024K, 24 young (24576K), 4 survivors (4096K)
 Metaspace       used 190419K, committed 191424K, reserved 1245184K
  class space    used 24463K, committed 24896K, reserved 1048576K
}
Event: 153.560 GC heap after
{Heap after GC invocations=113 (full 0):
 garbage-first heap   total 343040K, used 279525K [0x0000000080000000, 0x0000000100000000)
  region size 1024K, 1 young (1024K), 1 survivors (1024K)
 Metaspace       used 190419K, committed 191424K, reserved 1245184K
  class space    used 24463K, committed 24896K, reserved 1048576K
}
Event: 153.808 GC heap before
{Heap before GC invocations=113 (full 0):
 garbage-first heap   total 343040K, used 301029K [0x0000000080000000, 0x0000000100000000)
  region size 1024K, 22 young (22528K), 1 survivors (1024K)
 Metaspace       used 190426K, committed 191424K, reserved 1245184K
  class space    used 24463K, committed 24896K, reserved 1048576K
}
Event: 153.810 GC heap after
{Heap after GC invocations=114 (full 0):
 garbage-first heap   total 343040K, used 279998K [0x0000000080000000, 0x0000000100000000)
  region size 1024K, 1 young (1024K), 1 survivors (1024K)
 Metaspace       used 190426K, committed 191424K, reserved 1245184K
  class space    used 24463K, committed 24896K, reserved 1048576K
}
Event: 154.049 GC heap before
{Heap before GC invocations=114 (full 0):
 garbage-first heap   total 343040K, used 301502K [0x0000000080000000, 0x0000000100000000)
  region size 1024K, 22 young (22528K), 1 survivors (1024K)
 Metaspace       used 190427K, committed 191424K, reserved 1245184K
  class space    used 24463K, committed 24896K, reserved 1048576K
}
Event: 154.051 GC heap after
{Heap after GC invocations=115 (full 0):
 garbage-first heap   total 343040K, used 279375K [0x0000000080000000, 0x0000000100000000)
  region size 1024K, 1 young (1024K), 1 survivors (1024K)
 Metaspace       used 190427K, committed 191424K, reserved 1245184K
  class space    used 24463K, committed 24896K, reserved 1048576K
}
Event: 154.329 GC heap before
{Heap before GC invocations=115 (full 0):
 garbage-first heap   total 343040K, used 301903K [0x0000000080000000, 0x0000000100000000)
  region size 1024K, 23 young (23552K), 1 survivors (1024K)
 Metaspace       used 190427K, committed 191424K, reserved 1245184K
  class space    used 24463K, committed 24896K, reserved 1048576K
}
Event: 154.331 GC heap after
{Heap after GC invocations=116 (full 0):
 garbage-first heap   total 343040K, used 279520K [0x0000000080000000, 0x0000000100000000)
  region size 1024K, 1 young (1024K), 1 survivors (1024K)
 Metaspace       used 190427K, committed 191424K, reserved 1245184K
  class space    used 24463K, committed 24896K, reserved 1048576K
}
Event: 154.621 GC heap before
{Heap before GC invocations=116 (full 0):
 garbage-first heap   total 343040K, used 302048K [0x0000000080000000, 0x0000000100000000)
  region size 1024K, 24 young (24576K), 1 survivors (1024K)
 Metaspace       used 190428K, committed 191424K, reserved 1245184K
  class space    used 24463K, committed 24896K, reserved 1048576K
}
Event: 154.623 GC heap after
{Heap after GC invocations=117 (full 0):
 garbage-first heap   total 343040K, used 279490K [0x0000000080000000, 0x0000000100000000)
  region size 1024K, 1 young (1024K), 1 survivors (1024K)
 Metaspace       used 190428K, committed 191424K, reserved 1245184K
  class space    used 24463K, committed 24896K, reserved 1048576K
}
Event: 155.305 GC heap before
{Heap before GC invocations=117 (full 0):
 garbage-first heap   total 343040K, used 304066K [0x0000000080000000, 0x0000000100000000)
  region size 1024K, 25 young (25600K), 1 survivors (1024K)
 Metaspace       used 190430K, committed 191424K, reserved 1245184K
  class space    used 24463K, committed 24896K, reserved 1048576K
}
Event: 155.307 GC heap after
{Heap after GC invocations=118 (full 0):
 garbage-first heap   total 343040K, used 279592K [0x0000000080000000, 0x0000000100000000)
  region size 1024K, 1 young (1024K), 1 survivors (1024K)
 Metaspace       used 190430K, committed 191424K, reserved 1245184K
  class space    used 24463K, committed 24896K, reserved 1048576K
}
Event: 155.572 GC heap before
{Heap before GC invocations=118 (full 0):
 garbage-first heap   total 343040K, used 304168K [0x0000000080000000, 0x0000000100000000)
  region size 1024K, 25 young (25600K), 1 survivors (1024K)
 Metaspace       used 190432K, committed 191424K, reserved 1245184K
  class space    used 24463K, committed 24896K, reserved 1048576K
}
Event: 155.575 GC heap after
{Heap after GC invocations=119 (full 0):
 garbage-first heap   total 343040K, used 279977K [0x0000000080000000, 0x0000000100000000)
  region size 1024K, 1 young (1024K), 1 survivors (1024K)
 Metaspace       used 190432K, committed 191424K, reserved 1245184K
  class space    used 24463K, committed 24896K, reserved 1048576K
}
Event: 156.289 GC heap before
{Heap before GC invocations=119 (full 0):
 garbage-first heap   total 343040K, used 304553K [0x0000000080000000, 0x0000000100000000)
  region size 1024K, 25 young (25600K), 1 survivors (1024K)
 Metaspace       used 190432K, committed 191424K, reserved 1245184K
  class space    used 24463K, committed 24896K, reserved 1048576K
}
Event: 156.292 GC heap after
{Heap after GC invocations=120 (full 0):
 garbage-first heap   total 343040K, used 279736K [0x0000000080000000, 0x0000000100000000)
  region size 1024K, 1 young (1024K), 1 survivors (1024K)
 Metaspace       used 190432K, committed 191424K, reserved 1245184K
  class space    used 24463K, committed 24896K, reserved 1048576K
}
Event: 156.635 GC heap before
{Heap before GC invocations=120 (full 0):
 garbage-first heap   total 343040K, used 304312K [0x0000000080000000, 0x0000000100000000)
  region size 1024K, 26 young (26624K), 1 survivors (1024K)
 Metaspace       used 190447K, committed 191424K, reserved 1245184K
  class space    used 24464K, committed 24896K, reserved 1048576K
}
Event: 156.637 GC heap after
{Heap after GC invocations=121 (full 0):
 garbage-first heap   total 343040K, used 279896K [0x0000000080000000, 0x0000000100000000)
  region size 1024K, 1 young (1024K), 1 survivors (1024K)
 Metaspace       used 190447K, committed 191424K, reserved 1245184K
  class space    used 24464K, committed 24896K, reserved 1048576K
}
Event: 157.067 GC heap before
{Heap before GC invocations=121 (full 0):
 garbage-first heap   total 343040K, used 304472K [0x0000000080000000, 0x0000000100000000)
  region size 1024K, 26 young (26624K), 1 survivors (1024K)
 Metaspace       used 190447K, committed 191424K, reserved 1245184K
  class space    used 24464K, committed 24896K, reserved 1048576K
}
Event: 157.069 GC heap after
{Heap after GC invocations=122 (full 0):
 garbage-first heap   total 343040K, used 279843K [0x0000000080000000, 0x0000000100000000)
  region size 1024K, 1 young (1024K), 1 survivors (1024K)
 Metaspace       used 190447K, committed 191424K, reserved 1245184K
  class space    used 24464K, committed 24896K, reserved 1048576K
}

