# JRE version: OpenJDK Runtime Environment (17.0.6) (build 17.0.6+0-b2043.56-10027231)
# Java VM: OpenJDK 64-Bit Server VM (17.0.6+0-b2043.56-10027231, mixed mode, tiered, compressed oops, compressed class ptrs, g1 gc, windows-amd64)
GC Precious Log:
 CPUs: 8 total, 8 available
 Memory: 7502M
 Large Page Support: Disabled
 NUMA Support: Disabled
 Compressed Oops: Enabled (32-bit)
 Heap Region Size: 1M
 Heap Min Capacity: 8M
 Heap Initial Capacity: 118M
 Heap Max Capacity: 2G
 Pre-touch: Disabled
 Parallel Workers: 8
 Concurrent Workers: 2
 Concurrent Refinement Workers: 8
 Periodic GC: Disabled
Heap:
 garbage-first heap   total 358400K, used 238345K [0x0000000080000000, 0x0000000100000000)
  region size 1024K, 39 young (39936K), 7 survivors (7168K)
 Metaspace       used 141084K, committed 142080K, reserved 1171456K
  class space    used 18881K, committed 19392K, reserved 1048576K
GC Heap History (20 events):
Event: 13.956 GC heap before
{Heap before GC invocations=27 (full 0):
 garbage-first heap   total 179200K, used 104739K [0x0000000080000000, 0x0000000100000000)
  region size 1024K, 8 young (8192K), 4 survivors (4096K)
 Metaspace       used 100214K, committed 100992K, reserved 1138688K
  class space    used 13587K, committed 13952K, reserved 1048576K
}
Event: 13.961 GC heap after
{Heap after GC invocations=28 (full 0):
 garbage-first heap   total 179200K, used 103142K [0x0000000080000000, 0x0000000100000000)
  region size 1024K, 1 young (1024K), 1 survivors (1024K)
 Metaspace       used 100214K, committed 100992K, reserved 1138688K
  class space    used 13587K, committed 13952K, reserved 1048576K
}
Event: 14.494 GC heap before
{Heap before GC invocations=28 (full 0):
 garbage-first heap   total 179200K, used 151270K [0x0000000080000000, 0x0000000100000000)
  region size 1024K, 41 young (41984K), 1 survivors (1024K)
 Metaspace       used 101859K, committed 102656K, reserved 1138688K
  class space    used 13762K, committed 14144K, reserved 1048576K
}
Event: 14.504 GC heap after
{Heap after GC invocations=29 (full 0):
 garbage-first heap   total 179200K, used 122093K [0x0000000080000000, 0x0000000100000000)
  region size 1024K, 6 young (6144K), 6 survivors (6144K)
 Metaspace       used 101859K, committed 102656K, reserved 1138688K
  class space    used 13762K, committed 14144K, reserved 1048576K
}
Event: 14.592 GC heap before
{Heap before GC invocations=29 (full 0):
 garbage-first heap   total 179200K, used 146669K [0x0000000080000000, 0x0000000100000000)
  region size 1024K, 30 young (30720K), 6 survivors (6144K)
 Metaspace       used 101861K, committed 102656K, reserved 1138688K
  class space    used 13762K, committed 14144K, reserved 1048576K
}
Event: 14.599 GC heap after
{Heap after GC invocations=30 (full 0):
 garbage-first heap   total 358400K, used 126422K [0x0000000080000000, 0x0000000100000000)
  region size 1024K, 4 young (4096K), 4 survivors (4096K)
 Metaspace       used 101861K, committed 102656K, reserved 1138688K
  class space    used 13762K, committed 14144K, reserved 1048576K
}
Event: 15.630 GC heap before
{Heap before GC invocations=30 (full 0):
 garbage-first heap   total 358400K, used 253398K [0x0000000080000000, 0x0000000100000000)
  region size 1024K, 112 young (114688K), 4 survivors (4096K)
 Metaspace       used 105446K, committed 106176K, reserved 1146880K
  class space    used 14084K, committed 14464K, reserved 1048576K
}
Event: 15.641 GC heap after
{Heap after GC invocations=31 (full 0):
 garbage-first heap   total 358400K, used 135735K [0x0000000080000000, 0x0000000100000000)
  region size 1024K, 13 young (13312K), 13 survivors (13312K)
 Metaspace       used 105446K, committed 106176K, reserved 1146880K
  class space    used 14084K, committed 14464K, reserved 1048576K
}
Event: 18.148 GC heap before
{Heap before GC invocations=31 (full 0):
 garbage-first heap   total 358400K, used 249399K [0x0000000080000000, 0x0000000100000000)
  region size 1024K, 125 young (128000K), 13 survivors (13312K)
 Metaspace       used 109014K, committed 109824K, reserved 1146880K
  class space    used 14419K, committed 14848K, reserved 1048576K
}
Event: 18.161 GC heap after
{Heap after GC invocations=32 (full 0):
 garbage-first heap   total 358400K, used 139878K [0x0000000080000000, 0x0000000100000000)
  region size 1024K, 10 young (10240K), 10 survivors (10240K)
 Metaspace       used 109014K, committed 109824K, reserved 1146880K
  class space    used 14419K, committed 14848K, reserved 1048576K
}
Event: 27.919 GC heap before
{Heap before GC invocations=32 (full 0):
 garbage-first heap   total 358400K, used 266854K [0x0000000080000000, 0x0000000100000000)
  region size 1024K, 133 young (136192K), 10 survivors (10240K)
 Metaspace       used 118718K, committed 119616K, reserved 1155072K
  class space    used 15796K, committed 16256K, reserved 1048576K
}
Event: 27.933 GC heap after
{Heap after GC invocations=33 (full 0):
 garbage-first heap   total 358400K, used 149355K [0x0000000080000000, 0x0000000100000000)
  region size 1024K, 12 young (12288K), 12 survivors (12288K)
 Metaspace       used 118718K, committed 119616K, reserved 1155072K
  class space    used 15796K, committed 16256K, reserved 1048576K
}
Event: 29.401 GC heap before
{Heap before GC invocations=33 (full 0):
 garbage-first heap   total 358400K, used 269163K [0x0000000080000000, 0x0000000100000000)
  region size 1024K, 129 young (132096K), 12 survivors (12288K)
 Metaspace       used 130611K, committed 131520K, reserved 1163264K
  class space    used 17717K, committed 18176K, reserved 1048576K
}
Event: 29.411 GC heap after
{Heap after GC invocations=34 (full 0):
 garbage-first heap   total 358400K, used 150005K [0x0000000080000000, 0x0000000100000000)
  region size 1024K, 4 young (4096K), 4 survivors (4096K)
 Metaspace       used 130611K, committed 131520K, reserved 1163264K
  class space    used 17717K, committed 18176K, reserved 1048576K
}
Event: 766.532 GC heap before
{Heap before GC invocations=34 (full 0):
 garbage-first heap   total 358400K, used 292341K [0x0000000080000000, 0x0000000100000000)
  region size 1024K, 126 young (129024K), 4 survivors (4096K)
 Metaspace       used 138844K, committed 139776K, reserved 1171456K
  class space    used 18707K, committed 19136K, reserved 1048576K
}
Event: 766.547 GC heap after
{Heap after GC invocations=35 (full 0):
 garbage-first heap   total 358400K, used 153933K [0x0000000080000000, 0x0000000100000000)
  region size 1024K, 7 young (7168K), 7 survivors (7168K)
 Metaspace       used 138844K, committed 139776K, reserved 1171456K
  class space    used 18707K, committed 19136K, reserved 1048576K
}
Event: 772.253 GC heap before
{Heap before GC invocations=35 (full 0):
 garbage-first heap   total 358400K, used 301389K [0x0000000080000000, 0x0000000100000000)
  region size 1024K, 133 young (136192K), 7 survivors (7168K)
 Metaspace       used 140286K, committed 141312K, reserved 1171456K
  class space    used 18841K, committed 19328K, reserved 1048576K
}
Event: 772.272 GC heap after
{Heap after GC invocations=36 (full 0):
 garbage-first heap   total 358400K, used 164964K [0x0000000080000000, 0x0000000100000000)
  region size 1024K, 17 young (17408K), 17 survivors (17408K)
 Metaspace       used 140286K, committed 141312K, reserved 1171456K
  class space    used 18841K, committed 19328K, reserved 1048576K
}
Event: 777.284 GC heap before
{Heap before GC invocations=36 (full 0):
 garbage-first heap   total 358400K, used 287844K [0x0000000080000000, 0x0000000100000000)
  region size 1024K, 135 young (138240K), 17 survivors (17408K)
 Metaspace       used 140797K, committed 141824K, reserved 1171456K
  class space    used 18846K, committed 19392K, reserved 1048576K
}
Event: 777.306 GC heap after
{Heap after GC invocations=37 (full 0):
 garbage-first heap   total 358400K, used 170761K [0x0000000080000000, 0x0000000100000000)
  region size 1024K, 7 young (7168K), 7 survivors (7168K)
 Metaspace       used 140797K, committed 141824K, reserved 1171456K
  class space    used 18846K, committed 19392K, reserved 1048576K
}

