# JRE version: OpenJDK Runtime Environment (17.0.10) (build 17.0.10+0--11609105)
# Java VM: OpenJDK 64-Bit Server VM (17.0.10+0--11609105, mixed mode, tiered, compressed oops, compressed class ptrs, g1 gc, windows-amd64)
GC Precious Log:
 CPUs: 8 total, 8 available
 Memory: 7502M
 Large Page Support: Disabled
 NUMA Support: Disabled
 Compressed Oops: Enabled (32-bit)
 Heap Region Size: 1M
 Heap Min Capacity: 8M
 Heap Initial Capacity: 118M
 Heap Max Capacity: 2G
 Pre-touch: Disabled
 Parallel Workers: 8
 Concurrent Workers: 2
 Concurrent Refinement Workers: 8
 Periodic GC: Disabled
Heap:
 garbage-first heap   total 351232K, used 161528K [0x0000000080000000, 0x0000000100000000)
  region size 1024K, 14 young (14336K), 14 survivors (14336K)
 Metaspace       used 124834K, committed 125632K, reserved 1179648K
  class space    used 17370K, committed 17728K, reserved 1048576K
GC Heap History (20 events):
Event: 28.481 GC heap after
{Heap after GC invocations=39 (full 0):
 garbage-first heap   total 351232K, used 120572K [0x0000000080000000, 0x0000000100000000)
  region size 1024K, 8 young (8192K), 8 survivors (8192K)
 Metaspace       used 104982K, committed 105728K, reserved 1179648K
  class space    used 14068K, committed 14464K, reserved 1048576K
}
Event: 29.529 GC heap before
{Heap before GC invocations=39 (full 0):
 garbage-first heap   total 351232K, used 279292K [0x0000000080000000, 0x0000000100000000)
  region size 1024K, 164 young (167936K), 8 survivors (8192K)
 Metaspace       used 105861K, committed 106624K, reserved 1179648K
  class space    used 14163K, committed 14528K, reserved 1048576K
}
Event: 29.541 GC heap after
{Heap after GC invocations=40 (full 0):
 garbage-first heap   total 351232K, used 124602K [0x0000000080000000, 0x0000000100000000)
  region size 1024K, 12 young (12288K), 12 survivors (12288K)
 Metaspace       used 105861K, committed 106624K, reserved 1179648K
  class space    used 14163K, committed 14528K, reserved 1048576K
}
Event: 30.559 GC heap before
{Heap before GC invocations=40 (full 0):
 garbage-first heap   total 351232K, used 197306K [0x0000000080000000, 0x0000000100000000)
  region size 1024K, 85 young (87040K), 12 survivors (12288K)
 Metaspace       used 110651K, committed 111360K, reserved 1179648K
  class space    used 14880K, committed 15232K, reserved 1048576K
}
Event: 30.579 GC heap after
{Heap after GC invocations=41 (full 0):
 garbage-first heap   total 351232K, used 128880K [0x0000000080000000, 0x0000000100000000)
  region size 1024K, 15 young (15360K), 15 survivors (15360K)
 Metaspace       used 110651K, committed 111360K, reserved 1179648K
  class space    used 14880K, committed 15232K, reserved 1048576K
}
Event: 32.566 GC heap before
{Heap before GC invocations=42 (full 0):
 garbage-first heap   total 351232K, used 267120K [0x0000000080000000, 0x0000000100000000)
  region size 1024K, 160 young (163840K), 15 survivors (15360K)
 Metaspace       used 122062K, committed 122880K, reserved 1179648K
  class space    used 16970K, committed 17344K, reserved 1048576K
}
Event: 32.601 GC heap after
{Heap after GC invocations=43 (full 0):
 garbage-first heap   total 351232K, used 126562K [0x0000000080000000, 0x0000000100000000)
  region size 1024K, 17 young (17408K), 17 survivors (17408K)
 Metaspace       used 122062K, committed 122880K, reserved 1179648K
  class space    used 16970K, committed 17344K, reserved 1048576K
}
Event: 32.606 GC heap before
{Heap before GC invocations=43 (full 0):
 garbage-first heap   total 351232K, used 127586K [0x0000000080000000, 0x0000000100000000)
  region size 1024K, 18 young (18432K), 17 survivors (17408K)
 Metaspace       used 122078K, committed 122880K, reserved 1179648K
  class space    used 16972K, committed 17344K, reserved 1048576K
}
Event: 32.638 GC heap after
{Heap after GC invocations=44 (full 0):
 garbage-first heap   total 351232K, used 123853K [0x0000000080000000, 0x0000000100000000)
  region size 1024K, 3 young (3072K), 3 survivors (3072K)
 Metaspace       used 122078K, committed 122880K, reserved 1179648K
  class space    used 16972K, committed 17344K, reserved 1048576K
}
Event: 33.313 GC heap before
{Heap before GC invocations=44 (full 0):
 garbage-first heap   total 351232K, used 278477K [0x0000000080000000, 0x0000000100000000)
  region size 1024K, 155 young (158720K), 3 survivors (3072K)
 Metaspace       used 124140K, committed 124928K, reserved 1179648K
  class space    used 17293K, committed 17664K, reserved 1048576K
}
Event: 33.318 GC heap after
{Heap after GC invocations=45 (full 0):
 garbage-first heap   total 351232K, used 125324K [0x0000000080000000, 0x0000000100000000)
  region size 1024K, 5 young (5120K), 5 survivors (5120K)
 Metaspace       used 124140K, committed 124928K, reserved 1179648K
  class space    used 17293K, committed 17664K, reserved 1048576K
}
Event: 34.040 GC heap before
{Heap before GC invocations=46 (full 0):
 garbage-first heap   total 351232K, used 283020K [0x0000000080000000, 0x0000000100000000)
  region size 1024K, 160 young (163840K), 5 survivors (5120K)
 Metaspace       used 124211K, committed 125056K, reserved 1179648K
  class space    used 17312K, committed 17664K, reserved 1048576K
}
Event: 34.056 GC heap after
{Heap after GC invocations=47 (full 0):
 garbage-first heap   total 351232K, used 134065K [0x0000000080000000, 0x0000000100000000)
  region size 1024K, 13 young (13312K), 13 survivors (13312K)
 Metaspace       used 124211K, committed 125056K, reserved 1179648K
  class space    used 17312K, committed 17664K, reserved 1048576K
}
Event: 34.066 GC heap before
{Heap before GC invocations=47 (full 0):
 garbage-first heap   total 351232K, used 138161K [0x0000000080000000, 0x0000000100000000)
  region size 1024K, 17 young (17408K), 13 survivors (13312K)
 Metaspace       used 124211K, committed 125056K, reserved 1179648K
  class space    used 17312K, committed 17664K, reserved 1048576K
}
Event: 34.108 GC heap after
{Heap after GC invocations=48 (full 0):
 garbage-first heap   total 351232K, used 131841K [0x0000000080000000, 0x0000000100000000)
  region size 1024K, 2 young (2048K), 2 survivors (2048K)
 Metaspace       used 124211K, committed 125056K, reserved 1179648K
  class space    used 17312K, committed 17664K, reserved 1048576K
}
Event: 34.541 GC heap before
{Heap before GC invocations=48 (full 0):
 garbage-first heap   total 351232K, used 284417K [0x0000000080000000, 0x0000000100000000)
  region size 1024K, 152 young (155648K), 2 survivors (2048K)
 Metaspace       used 124337K, committed 125184K, reserved 1179648K
  class space    used 17347K, committed 17728K, reserved 1048576K
}
Event: 34.551 GC heap after
{Heap after GC invocations=49 (full 0):
 garbage-first heap   total 351232K, used 140193K [0x0000000080000000, 0x0000000100000000)
  region size 1024K, 11 young (11264K), 11 survivors (11264K)
 Metaspace       used 124337K, committed 125184K, reserved 1179648K
  class space    used 17347K, committed 17728K, reserved 1048576K
}
Event: 35.000 GC heap before
{Heap before GC invocations=49 (full 0):
 garbage-first heap   total 351232K, used 285601K [0x0000000080000000, 0x0000000100000000)
  region size 1024K, 154 young (157696K), 11 survivors (11264K)
 Metaspace       used 124630K, committed 125440K, reserved 1179648K
  class space    used 17366K, committed 17728K, reserved 1048576K
}
Event: 35.017 GC heap after
{Heap after GC invocations=50 (full 0):
 garbage-first heap   total 351232K, used 149197K [0x0000000080000000, 0x0000000100000000)
  region size 1024K, 19 young (19456K), 19 survivors (19456K)
 Metaspace       used 124630K, committed 125440K, reserved 1179648K
  class space    used 17366K, committed 17728K, reserved 1048576K
}
Event: 35.348 GC heap before
{Heap before GC invocations=50 (full 0):
 garbage-first heap   total 351232K, used 286413K [0x0000000080000000, 0x0000000100000000)
  region size 1024K, 154 young (157696K), 19 survivors (19456K)
 Metaspace       used 124834K, committed 125632K, reserved 1179648K
  class space    used 17370K, committed 17728K, reserved 1048576K
}

