# JRE version: OpenJDK Runtime Environment (17.0.6) (build 17.0.6+0-b2043.56-10027231)
# Java VM: OpenJDK 64-Bit Server VM (17.0.6+0-b2043.56-10027231, mixed mode, tiered, compressed oops, compressed class ptrs, g1 gc, windows-amd64)
GC Precious Log:
 CPUs: 8 total, 8 available
 Memory: 7502M
 Large Page Support: Disabled
 NUMA Support: Disabled
 Compressed Oops: Enabled (32-bit)
 Heap Region Size: 1M
 Heap Min Capacity: 8M
 Heap Initial Capacity: 118M
 Heap Max Capacity: 2G
 Pre-touch: Disabled
 Parallel Workers: 8
 Concurrent Workers: 2
 Concurrent Refinement Workers: 8
 Periodic GC: Disabled
Heap:
 garbage-first heap   total 306176K, used 179581K [0x0000000080000000, 0x0000000100000000)
  region size 1024K, 52 young (53248K), 14 survivors (14336K)
 Metaspace       used 136818K, committed 137920K, reserved 1171456K
  class space    used 18439K, committed 18944K, reserved 1048576K
GC Heap History (20 events):
Event: 29.806 GC heap before
{Heap before GC invocations=47 (full 0):
 garbage-first heap   total 227328K, used 191616K [0x0000000080000000, 0x0000000100000000)
  region size 1024K, 25 young (25600K), 5 survivors (5120K)
 Metaspace       used 129948K, committed 130880K, reserved 1163264K
  class space    used 17868K, committed 18304K, reserved 1048576K
}
Event: 29.810 GC heap after
{Heap after GC invocations=48 (full 0):
 garbage-first heap   total 227328K, used 165606K [0x0000000080000000, 0x0000000100000000)
  region size 1024K, 2 young (2048K), 2 survivors (2048K)
 Metaspace       used 129948K, committed 130880K, reserved 1163264K
  class space    used 17868K, committed 18304K, reserved 1048576K
}
Event: 629.379 GC heap before
{Heap before GC invocations=48 (full 0):
 garbage-first heap   total 227328K, used 194278K [0x0000000080000000, 0x0000000100000000)
  region size 1024K, 28 young (28672K), 2 survivors (2048K)
 Metaspace       used 134735K, committed 135680K, reserved 1171456K
  class space    used 18309K, committed 18752K, reserved 1048576K
}
Event: 629.382 GC heap after
{Heap after GC invocations=49 (full 0):
 garbage-first heap   total 227328K, used 155227K [0x0000000080000000, 0x0000000100000000)
  region size 1024K, 2 young (2048K), 2 survivors (2048K)
 Metaspace       used 134735K, committed 135680K, reserved 1171456K
  class space    used 18309K, committed 18752K, reserved 1048576K
}
Event: 1390.573 GC heap before
{Heap before GC invocations=49 (full 0):
 garbage-first heap   total 227328K, used 192091K [0x0000000080000000, 0x0000000100000000)
  region size 1024K, 38 young (38912K), 2 survivors (2048K)
 Metaspace       used 135034K, committed 135936K, reserved 1171456K
  class space    used 18326K, committed 18752K, reserved 1048576K
}
Event: 1390.577 GC heap after
{Heap after GC invocations=50 (full 0):
 garbage-first heap   total 227328K, used 156577K [0x0000000080000000, 0x0000000100000000)
  region size 1024K, 3 young (3072K), 3 survivors (3072K)
 Metaspace       used 135034K, committed 135936K, reserved 1171456K
  class space    used 18326K, committed 18752K, reserved 1048576K
}
Event: 1393.030 GC heap before
{Heap before GC invocations=50 (full 0):
 garbage-first heap   total 227328K, used 193441K [0x0000000080000000, 0x0000000100000000)
  region size 1024K, 39 young (39936K), 3 survivors (3072K)
 Metaspace       used 135455K, committed 136448K, reserved 1171456K
  class space    used 18336K, committed 18816K, reserved 1048576K
}
Event: 1393.039 GC heap after
{Heap after GC invocations=51 (full 0):
 garbage-first heap   total 227328K, used 161357K [0x0000000080000000, 0x0000000100000000)
  region size 1024K, 5 young (5120K), 5 survivors (5120K)
 Metaspace       used 135455K, committed 136448K, reserved 1171456K
  class space    used 18336K, committed 18816K, reserved 1048576K
}
Event: 1394.556 GC heap before
{Heap before GC invocations=51 (full 0):
 garbage-first heap   total 227328K, used 192077K [0x0000000080000000, 0x0000000100000000)
  region size 1024K, 36 young (36864K), 5 survivors (5120K)
 Metaspace       used 135668K, committed 136640K, reserved 1171456K
  class space    used 18343K, committed 18816K, reserved 1048576K
}
Event: 1394.571 GC heap after
{Heap after GC invocations=52 (full 0):
 garbage-first heap   total 227328K, used 164991K [0x0000000080000000, 0x0000000100000000)
  region size 1024K, 4 young (4096K), 4 survivors (4096K)
 Metaspace       used 135668K, committed 136640K, reserved 1171456K
  class space    used 18343K, committed 18816K, reserved 1048576K
}
Event: 1398.653 GC heap before
{Heap before GC invocations=52 (full 0):
 garbage-first heap   total 227328K, used 190591K [0x0000000080000000, 0x0000000100000000)
  region size 1024K, 19 young (19456K), 4 survivors (4096K)
 Metaspace       used 135798K, committed 136704K, reserved 1171456K
  class space    used 18357K, committed 18816K, reserved 1048576K
}
Event: 1398.662 GC heap after
{Heap after GC invocations=53 (full 0):
 garbage-first heap   total 227328K, used 177997K [0x0000000080000000, 0x0000000100000000)
  region size 1024K, 2 young (2048K), 2 survivors (2048K)
 Metaspace       used 135798K, committed 136704K, reserved 1171456K
  class space    used 18357K, committed 18816K, reserved 1048576K
}
Event: 1411.137 GC heap before
{Heap before GC invocations=54 (full 0):
 garbage-first heap   total 306176K, used 210765K [0x0000000080000000, 0x0000000100000000)
  region size 1024K, 20 young (20480K), 2 survivors (2048K)
 Metaspace       used 135865K, committed 136832K, reserved 1171456K
  class space    used 18358K, committed 18816K, reserved 1048576K
}
Event: 1411.142 GC heap after
{Heap after GC invocations=55 (full 0):
 garbage-first heap   total 306176K, used 158970K [0x0000000080000000, 0x0000000100000000)
  region size 1024K, 1 young (1024K), 1 survivors (1024K)
 Metaspace       used 135865K, committed 136832K, reserved 1171456K
  class space    used 18358K, committed 18816K, reserved 1048576K
}
Event: 1411.399 GC heap before
{Heap before GC invocations=55 (full 0):
 garbage-first heap   total 306176K, used 171258K [0x0000000080000000, 0x0000000100000000)
  region size 1024K, 14 young (14336K), 1 survivors (1024K)
 Metaspace       used 135894K, committed 136832K, reserved 1171456K
  class space    used 18359K, committed 18816K, reserved 1048576K
}
Event: 1411.408 GC heap after
{Heap after GC invocations=56 (full 0):
 garbage-first heap   total 306176K, used 134338K [0x0000000080000000, 0x0000000100000000)
  region size 1024K, 2 young (2048K), 2 survivors (2048K)
 Metaspace       used 135894K, committed 136832K, reserved 1171456K
  class space    used 18359K, committed 18816K, reserved 1048576K
}
Event: 1411.547 GC heap before
{Heap before GC invocations=56 (full 0):
 garbage-first heap   total 306176K, used 145602K [0x0000000080000000, 0x0000000100000000)
  region size 1024K, 14 young (14336K), 2 survivors (2048K)
 Metaspace       used 135932K, committed 136832K, reserved 1171456K
  class space    used 18360K, committed 18816K, reserved 1048576K
}
Event: 1411.568 GC heap after
{Heap after GC invocations=57 (full 0):
 garbage-first heap   total 306176K, used 129930K [0x0000000080000000, 0x0000000100000000)
  region size 1024K, 2 young (2048K), 2 survivors (2048K)
 Metaspace       used 135932K, committed 136832K, reserved 1171456K
  class space    used 18360K, committed 18816K, reserved 1048576K
}
Event: 1425.139 GC heap before
{Heap before GC invocations=57 (full 0):
 garbage-first heap   total 306176K, used 278410K [0x0000000080000000, 0x0000000100000000)
  region size 1024K, 114 young (116736K), 2 survivors (2048K)
 Metaspace       used 136527K, committed 137536K, reserved 1171456K
  class space    used 18408K, committed 18880K, reserved 1048576K
}
Event: 1425.155 GC heap after
{Heap after GC invocations=58 (full 0):
 garbage-first heap   total 306176K, used 142717K [0x0000000080000000, 0x0000000100000000)
  region size 1024K, 14 young (14336K), 14 survivors (14336K)
 Metaspace       used 136527K, committed 137536K, reserved 1171456K
  class space    used 18408K, committed 18880K, reserved 1048576K
}

