# JRE version: OpenJDK Runtime Environment (17.0.10) (build 17.0.10+0--11609105)
# Java VM: OpenJDK 64-Bit Server VM (17.0.10+0--11609105, mixed mode, tiered, compressed oops, compressed class ptrs, g1 gc, windows-amd64)
GC Precious Log:
 CPUs: 8 total, 8 available
 Memory: 7502M
 Large Page Support: Disabled
 NUMA Support: Disabled
 Compressed Oops: Enabled (32-bit)
 Heap Region Size: 1M
 Heap Min Capacity: 8M
 Heap Initial Capacity: 118M
 Heap Max Capacity: 2G
 Pre-touch: Disabled
 Parallel Workers: 8
 Concurrent Workers: 2
 Concurrent Refinement Workers: 8
 Periodic GC: Disabled
Heap:
 garbage-first heap   total 82944K, used 58747K [0x0000000080000000, 0x0000000100000000)
  region size 1024K, 32 young (32768K), 2 survivors (2048K)
 Metaspace       used 46151K, committed 46528K, reserved 1114112K
  class space    used 6206K, committed 6400K, reserved 1048576K
GC Heap History (18 events):
Event: 0.695 GC heap before
{Heap before GC invocations=0 (full 0):
 garbage-first heap   total 120832K, used 26624K [0x0000000080000000, 0x0000000100000000)
  region size 1024K, 23 young (23552K), 0 survivors (0K)
 Metaspace       used 10296K, committed 10496K, reserved 1114112K
  class space    used 1060K, committed 1152K, reserved 1048576K
}
Event: 0.700 GC heap after
{Heap after GC invocations=1 (full 0):
 garbage-first heap   total 120832K, used 10400K [0x0000000080000000, 0x0000000100000000)
  region size 1024K, 3 young (3072K), 3 survivors (3072K)
 Metaspace       used 10296K, committed 10496K, reserved 1114112K
  class space    used 1060K, committed 1152K, reserved 1048576K
}
Event: 1.104 GC heap before
{Heap before GC invocations=1 (full 0):
 garbage-first heap   total 120832K, used 41120K [0x0000000080000000, 0x0000000100000000)
  region size 1024K, 32 young (32768K), 3 survivors (3072K)
 Metaspace       used 11243K, committed 11456K, reserved 1114112K
  class space    used 1163K, committed 1280K, reserved 1048576K
}
Event: 1.110 GC heap after
{Heap after GC invocations=2 (full 0):
 garbage-first heap   total 120832K, used 14256K [0x0000000080000000, 0x0000000100000000)
  region size 1024K, 4 young (4096K), 4 survivors (4096K)
 Metaspace       used 11243K, committed 11456K, reserved 1114112K
  class space    used 1163K, committed 1280K, reserved 1048576K
}
Event: 2.194 GC heap before
{Heap before GC invocations=2 (full 0):
 garbage-first heap   total 120832K, used 49072K [0x0000000080000000, 0x0000000100000000)
  region size 1024K, 39 young (39936K), 4 survivors (4096K)
 Metaspace       used 21276K, committed 21504K, reserved 1114112K
  class space    used 2541K, committed 2688K, reserved 1048576K
}
Event: 2.199 GC heap after
{Heap after GC invocations=3 (full 0):
 garbage-first heap   total 120832K, used 18805K [0x0000000080000000, 0x0000000100000000)
  region size 1024K, 9 young (9216K), 9 survivors (9216K)
 Metaspace       used 21276K, committed 21504K, reserved 1114112K
  class space    used 2541K, committed 2688K, reserved 1048576K
}
Event: 2.890 GC heap before
{Heap before GC invocations=4 (full 0):
 garbage-first heap   total 68608K, used 53621K [0x0000000080000000, 0x0000000100000000)
  region size 1024K, 44 young (45056K), 9 survivors (9216K)
 Metaspace       used 26885K, committed 27200K, reserved 1114112K
  class space    used 3518K, committed 3648K, reserved 1048576K
}
Event: 2.896 GC heap after
{Heap after GC invocations=5 (full 0):
 garbage-first heap   total 68608K, used 20845K [0x0000000080000000, 0x0000000100000000)
  region size 1024K, 7 young (7168K), 7 survivors (7168K)
 Metaspace       used 26885K, committed 27200K, reserved 1114112K
  class space    used 3518K, committed 3648K, reserved 1048576K
}
Event: 3.372 GC heap before
{Heap before GC invocations=5 (full 0):
 garbage-first heap   total 68608K, used 46445K [0x0000000080000000, 0x0000000100000000)
  region size 1024K, 32 young (32768K), 7 survivors (7168K)
 Metaspace       used 30769K, committed 31104K, reserved 1114112K
  class space    used 4147K, committed 4288K, reserved 1048576K
}
Event: 3.377 GC heap after
{Heap after GC invocations=6 (full 0):
 garbage-first heap   total 68608K, used 22715K [0x0000000080000000, 0x0000000100000000)
  region size 1024K, 3 young (3072K), 3 survivors (3072K)
 Metaspace       used 30769K, committed 31104K, reserved 1114112K
  class space    used 4147K, committed 4288K, reserved 1048576K
}
Event: 3.841 GC heap before
{Heap before GC invocations=6 (full 0):
 garbage-first heap   total 68608K, used 47291K [0x0000000080000000, 0x0000000100000000)
  region size 1024K, 28 young (28672K), 3 survivors (3072K)
 Metaspace       used 34780K, committed 35136K, reserved 1114112K
  class space    used 4748K, committed 4928K, reserved 1048576K
}
Event: 3.843 GC heap after
{Heap after GC invocations=7 (full 0):
 garbage-first heap   total 68608K, used 24061K [0x0000000080000000, 0x0000000100000000)
  region size 1024K, 4 young (4096K), 4 survivors (4096K)
 Metaspace       used 34780K, committed 35136K, reserved 1114112K
  class space    used 4748K, committed 4928K, reserved 1048576K
}
Event: 3.899 GC heap before
{Heap before GC invocations=7 (full 0):
 garbage-first heap   total 68608K, used 26109K [0x0000000080000000, 0x0000000100000000)
  region size 1024K, 7 young (7168K), 4 survivors (4096K)
 Metaspace       used 35689K, committed 35968K, reserved 1114112K
  class space    used 4802K, committed 4928K, reserved 1048576K
}
Event: 3.902 GC heap after
{Heap after GC invocations=8 (full 0):
 garbage-first heap   total 68608K, used 24188K [0x0000000080000000, 0x0000000100000000)
  region size 1024K, 3 young (3072K), 3 survivors (3072K)
 Metaspace       used 35689K, committed 35968K, reserved 1114112K
  class space    used 4802K, committed 4928K, reserved 1048576K
}
Event: 4.246 GC heap before
{Heap before GC invocations=9 (full 0):
 garbage-first heap   total 68608K, used 50812K [0x0000000080000000, 0x0000000100000000)
  region size 1024K, 30 young (30720K), 3 survivors (3072K)
 Metaspace       used 39546K, committed 39872K, reserved 1114112K
  class space    used 5218K, committed 5376K, reserved 1048576K
}
Event: 4.250 GC heap after
{Heap after GC invocations=10 (full 0):
 garbage-first heap   total 68608K, used 27143K [0x0000000080000000, 0x0000000100000000)
  region size 1024K, 4 young (4096K), 4 survivors (4096K)
 Metaspace       used 39546K, committed 39872K, reserved 1114112K
  class space    used 5218K, committed 5376K, reserved 1048576K
}
Event: 4.606 GC heap before
{Heap before GC invocations=10 (full 0):
 garbage-first heap   total 68608K, used 51719K [0x0000000080000000, 0x0000000100000000)
  region size 1024K, 28 young (28672K), 4 survivors (4096K)
 Metaspace       used 42141K, committed 42496K, reserved 1114112K
  class space    used 5539K, committed 5696K, reserved 1048576K
}
Event: 4.610 GC heap after
{Heap after GC invocations=11 (full 0):
 garbage-first heap   total 82944K, used 29051K [0x0000000080000000, 0x0000000100000000)
  region size 1024K, 2 young (2048K), 2 survivors (2048K)
 Metaspace       used 42141K, committed 42496K, reserved 1114112K
  class space    used 5539K, committed 5696K, reserved 1048576K
}

