# JRE version: OpenJDK Runtime Environment (17.0.10) (build 17.0.10+0--11609105)
# Java VM: OpenJDK 64-Bit Server VM (17.0.10+0--11609105, mixed mode, tiered, compressed oops, compressed class ptrs, g1 gc, windows-amd64)
GC Precious Log:
 CPUs: 8 total, 8 available
 Memory: 7502M
 Large Page Support: Disabled
 NUMA Support: Disabled
 Compressed Oops: Enabled (32-bit)
 Heap Region Size: 1M
 Heap Min Capacity: 8M
 Heap Initial Capacity: 118M
 Heap Max Capacity: 2G
 Pre-touch: Disabled
 Parallel Workers: 8
 Concurrent Workers: 2
 Concurrent Refinement Workers: 8
 Periodic GC: Disabled
Heap:
 garbage-first heap   total 387072K, used 180107K [0x0000000080000000, 0x0000000100000000)
  region size 1024K, 4 young (4096K), 4 survivors (4096K)
 Metaspace       used 121336K, committed 122176K, reserved 1179648K
  class space    used 16894K, committed 17280K, reserved 1048576K
GC Heap History (20 events):
Event: 14.310 GC heap after
{Heap after GC invocations=40 (full 0):
 garbage-first heap   total 210944K, used 100830K [0x0000000080000000, 0x0000000100000000)
  region size 1024K, 7 young (7168K), 7 survivors (7168K)
 Metaspace       used 100573K, committed 101312K, reserved 1179648K
  class space    used 13642K, committed 14016K, reserved 1048576K
}
Event: 14.711 GC heap before
{Heap before GC invocations=40 (full 0):
 garbage-first heap   total 210944K, used 170462K [0x0000000080000000, 0x0000000100000000)
  region size 1024K, 74 young (75776K), 7 survivors (7168K)
 Metaspace       used 102928K, committed 103616K, reserved 1179648K
  class space    used 14043K, committed 14400K, reserved 1048576K
}
Event: 14.723 GC heap after
{Heap after GC invocations=41 (full 0):
 garbage-first heap   total 210944K, used 114335K [0x0000000080000000, 0x0000000100000000)
  region size 1024K, 10 young (10240K), 10 survivors (10240K)
 Metaspace       used 102928K, committed 103616K, reserved 1179648K
  class space    used 14043K, committed 14400K, reserved 1048576K
}
Event: 15.125 GC heap before
{Heap before GC invocations=41 (full 0):
 garbage-first heap   total 210944K, used 166559K [0x0000000080000000, 0x0000000100000000)
  region size 1024K, 62 young (63488K), 10 survivors (10240K)
 Metaspace       used 107254K, committed 108032K, reserved 1179648K
  class space    used 14731K, committed 15104K, reserved 1048576K
}
Event: 15.135 GC heap after
{Heap after GC invocations=42 (full 0):
 garbage-first heap   total 210944K, used 120288K [0x0000000080000000, 0x0000000100000000)
  region size 1024K, 8 young (8192K), 8 survivors (8192K)
 Metaspace       used 107254K, committed 108032K, reserved 1179648K
  class space    used 14731K, committed 15104K, reserved 1048576K
}
Event: 15.389 GC heap before
{Heap before GC invocations=42 (full 0):
 garbage-first heap   total 210944K, used 167392K [0x0000000080000000, 0x0000000100000000)
  region size 1024K, 55 young (56320K), 8 survivors (8192K)
 Metaspace       used 110091K, committed 110848K, reserved 1179648K
  class space    used 15199K, committed 15552K, reserved 1048576K
}
Event: 15.404 GC heap after
{Heap after GC invocations=43 (full 0):
 garbage-first heap   total 210944K, used 128216K [0x0000000080000000, 0x0000000100000000)
  region size 1024K, 7 young (7168K), 7 survivors (7168K)
 Metaspace       used 110091K, committed 110848K, reserved 1179648K
  class space    used 15199K, committed 15552K, reserved 1048576K
}
Event: 15.588 GC heap before
{Heap before GC invocations=43 (full 0):
 garbage-first heap   total 210944K, used 170200K [0x0000000080000000, 0x0000000100000000)
  region size 1024K, 48 young (49152K), 7 survivors (7168K)
 Metaspace       used 111187K, committed 111936K, reserved 1179648K
  class space    used 15379K, committed 15744K, reserved 1048576K
}
Event: 15.602 GC heap after
{Heap after GC invocations=44 (full 0):
 garbage-first heap   total 387072K, used 136264K [0x0000000080000000, 0x0000000100000000)
  region size 1024K, 6 young (6144K), 6 survivors (6144K)
 Metaspace       used 111187K, committed 111936K, reserved 1179648K
  class space    used 15379K, committed 15744K, reserved 1048576K
}
Event: 16.211 GC heap before
{Heap before GC invocations=44 (full 0):
 garbage-first heap   total 387072K, used 286792K [0x0000000080000000, 0x0000000100000000)
  region size 1024K, 153 young (156672K), 6 survivors (6144K)
 Metaspace       used 116793K, committed 117632K, reserved 1179648K
  class space    used 16308K, committed 16704K, reserved 1048576K
}
Event: 16.252 GC heap after
{Heap after GC invocations=45 (full 0):
 garbage-first heap   total 387072K, used 157366K [0x0000000080000000, 0x0000000100000000)
  region size 1024K, 20 young (20480K), 20 survivors (20480K)
 Metaspace       used 116793K, committed 117632K, reserved 1179648K
  class space    used 16308K, committed 16704K, reserved 1048576K
}
Event: 17.136 GC heap before
{Heap before GC invocations=45 (full 0):
 garbage-first heap   total 387072K, used 284342K [0x0000000080000000, 0x0000000100000000)
  region size 1024K, 145 young (148480K), 20 survivors (20480K)
 Metaspace       used 120217K, committed 121024K, reserved 1179648K
  class space    used 16780K, committed 17152K, reserved 1048576K
}
Event: 17.158 GC heap after
{Heap after GC invocations=46 (full 0):
 garbage-first heap   total 387072K, used 166438K [0x0000000080000000, 0x0000000100000000)
  region size 1024K, 9 young (9216K), 9 survivors (9216K)
 Metaspace       used 120217K, committed 121024K, reserved 1179648K
  class space    used 16780K, committed 17152K, reserved 1048576K
}
Event: 17.654 GC heap before
{Heap before GC invocations=46 (full 0):
 garbage-first heap   total 387072K, used 294438K [0x0000000080000000, 0x0000000100000000)
  region size 1024K, 135 young (138240K), 9 survivors (9216K)
 Metaspace       used 120540K, committed 121344K, reserved 1179648K
  class space    used 16878K, committed 17280K, reserved 1048576K
}
Event: 17.660 GC heap after
{Heap after GC invocations=47 (full 0):
 garbage-first heap   total 387072K, used 166670K [0x0000000080000000, 0x0000000100000000)
  region size 1024K, 9 young (9216K), 9 survivors (9216K)
 Metaspace       used 120540K, committed 121344K, reserved 1179648K
  class space    used 16878K, committed 17280K, reserved 1048576K
}
Event: 18.050 GC heap before
{Heap before GC invocations=47 (full 0):
 garbage-first heap   total 387072K, used 305934K [0x0000000080000000, 0x0000000100000000)
  region size 1024K, 146 young (149504K), 9 survivors (9216K)
 Metaspace       used 120623K, committed 121472K, reserved 1179648K
  class space    used 16878K, committed 17280K, reserved 1048576K
}
Event: 18.068 GC heap after
{Heap after GC invocations=48 (full 0):
 garbage-first heap   total 387072K, used 177132K [0x0000000080000000, 0x0000000100000000)
  region size 1024K, 19 young (19456K), 19 survivors (19456K)
 Metaspace       used 120623K, committed 121472K, reserved 1179648K
  class space    used 16878K, committed 17280K, reserved 1048576K
}
Event: 18.453 GC heap before
{Heap before GC invocations=48 (full 0):
 garbage-first heap   total 387072K, used 311276K [0x0000000080000000, 0x0000000100000000)
  region size 1024K, 150 young (153600K), 19 survivors (19456K)
 Metaspace       used 120802K, committed 121600K, reserved 1179648K
  class space    used 16879K, committed 17280K, reserved 1048576K
}
Event: 18.474 GC heap after
{Heap after GC invocations=49 (full 0):
 garbage-first heap   total 387072K, used 180509K [0x0000000080000000, 0x0000000100000000)
  region size 1024K, 5 young (5120K), 5 survivors (5120K)
 Metaspace       used 120802K, committed 121600K, reserved 1179648K
  class space    used 16879K, committed 17280K, reserved 1048576K
}
Event: 18.900 GC heap before
{Heap before GC invocations=49 (full 0):
 garbage-first heap   total 387072K, used 316701K [0x0000000080000000, 0x0000000100000000)
  region size 1024K, 138 young (141312K), 5 survivors (5120K)
 Metaspace       used 121336K, committed 122176K, reserved 1179648K
  class space    used 16894K, committed 17280K, reserved 1048576K
}

