# JRE version: OpenJDK Runtime Environment (17.0.10) (build 17.0.10+0--11609105)
# Java VM: OpenJDK 64-Bit Server VM (17.0.10+0--11609105, mixed mode, tiered, compressed oops, compressed class ptrs, g1 gc, windows-amd64)
GC Precious Log:
 CPUs: 8 total, 8 available
 Memory: 7502M
 Large Page Support: Disabled
 NUMA Support: Disabled
 Compressed Oops: Enabled (32-bit)
 Heap Region Size: 1M
 Heap Min Capacity: 8M
 Heap Initial Capacity: 118M
 Heap Max Capacity: 2G
 Pre-touch: Disabled
 Parallel Workers: 8
 Concurrent Workers: 2
 Concurrent Refinement Workers: 8
 Periodic GC: Disabled
Heap:
 garbage-first heap   total 421888K, used 142128K [0x0000000080000000, 0x0000000100000000)
  region size 1024K, 10 young (10240K), 10 survivors (10240K)
 Metaspace       used 116509K, committed 117312K, reserved 1179648K
  class space    used 16371K, committed 16768K, reserved 1048576K
GC Heap History (20 events):
Event: 20.299 GC heap after
{Heap after GC invocations=47 (full 0):
 garbage-first heap   total 152576K, used 82539K [0x0000000080000000, 0x0000000100000000)
  region size 1024K, 7 young (7168K), 7 survivors (7168K)
 Metaspace       used 93455K, committed 94080K, reserved 1179648K
  class space    used 12740K, committed 13056K, reserved 1048576K
}
Event: 20.300 GC heap before
{Heap before GC invocations=47 (full 0):
 garbage-first heap   total 152576K, used 82539K [0x0000000080000000, 0x0000000100000000)
  region size 1024K, 8 young (8192K), 7 survivors (7168K)
 Metaspace       used 93455K, committed 94080K, reserved 1179648K
  class space    used 12740K, committed 13056K, reserved 1048576K
}
Event: 20.310 GC heap after
{Heap after GC invocations=48 (full 0):
 garbage-first heap   total 152576K, used 82205K [0x0000000080000000, 0x0000000100000000)
  region size 1024K, 1 young (1024K), 1 survivors (1024K)
 Metaspace       used 93455K, committed 94080K, reserved 1179648K
  class space    used 12740K, committed 13056K, reserved 1048576K
}
Event: 21.061 GC heap before
{Heap before GC invocations=48 (full 0):
 garbage-first heap   total 152576K, used 123165K [0x0000000080000000, 0x0000000100000000)
  region size 1024K, 41 young (41984K), 1 survivors (1024K)
 Metaspace       used 96092K, committed 96832K, reserved 1179648K
  class space    used 13134K, committed 13504K, reserved 1048576K
}
Event: 21.068 GC heap after
{Heap after GC invocations=49 (full 0):
 garbage-first heap   total 152576K, used 87696K [0x0000000080000000, 0x0000000100000000)
  region size 1024K, 6 young (6144K), 6 survivors (6144K)
 Metaspace       used 96092K, committed 96832K, reserved 1179648K
  class space    used 13134K, committed 13504K, reserved 1048576K
}
Event: 21.317 GC heap before
{Heap before GC invocations=49 (full 0):
 garbage-first heap   total 152576K, used 122512K [0x0000000080000000, 0x0000000100000000)
  region size 1024K, 41 young (41984K), 6 survivors (6144K)
 Metaspace       used 96196K, committed 96896K, reserved 1179648K
  class space    used 13135K, committed 13504K, reserved 1048576K
}
Event: 21.325 GC heap after
{Heap after GC invocations=50 (full 0):
 garbage-first heap   total 152576K, used 89655K [0x0000000080000000, 0x0000000100000000)
  region size 1024K, 4 young (4096K), 4 survivors (4096K)
 Metaspace       used 96196K, committed 96896K, reserved 1179648K
  class space    used 13135K, committed 13504K, reserved 1048576K
}
Event: 21.662 GC heap before
{Heap before GC invocations=50 (full 0):
 garbage-first heap   total 152576K, used 123447K [0x0000000080000000, 0x0000000100000000)
  region size 1024K, 38 young (38912K), 4 survivors (4096K)
 Metaspace       used 96408K, committed 97152K, reserved 1179648K
  class space    used 13143K, committed 13504K, reserved 1048576K
}
Event: 21.673 GC heap after
{Heap after GC invocations=51 (full 0):
 garbage-first heap   total 421888K, used 91618K [0x0000000080000000, 0x0000000100000000)
  region size 1024K, 5 young (5120K), 5 survivors (5120K)
 Metaspace       used 96408K, committed 97152K, reserved 1179648K
  class space    used 13143K, committed 13504K, reserved 1048576K
}
Event: 24.626 GC heap before
{Heap before GC invocations=52 (full 0):
 garbage-first heap   total 327680K, used 302562K [0x0000000080000000, 0x0000000100000000)
  region size 1024K, 214 young (219136K), 5 survivors (5120K)
 Metaspace       used 104795K, committed 105472K, reserved 1179648K
  class space    used 14384K, committed 14720K, reserved 1048576K
}
Event: 24.661 GC heap after
{Heap after GC invocations=53 (full 0):
 garbage-first heap   total 333824K, used 113314K [0x0000000080000000, 0x0000000100000000)
  region size 1024K, 27 young (27648K), 27 survivors (27648K)
 Metaspace       used 104795K, committed 105472K, reserved 1179648K
  class space    used 14384K, committed 14720K, reserved 1048576K
}
Event: 24.670 GC heap before
{Heap before GC invocations=53 (full 0):
 garbage-first heap   total 333824K, used 114338K [0x0000000080000000, 0x0000000100000000)
  region size 1024K, 28 young (28672K), 27 survivors (27648K)
 Metaspace       used 104864K, committed 105600K, reserved 1179648K
  class space    used 14401K, committed 14784K, reserved 1048576K
}
Event: 24.693 GC heap after
{Heap after GC invocations=54 (full 0):
 garbage-first heap   total 333824K, used 114889K [0x0000000080000000, 0x0000000100000000)
  region size 1024K, 3 young (3072K), 3 survivors (3072K)
 Metaspace       used 104864K, committed 105600K, reserved 1179648K
  class space    used 14401K, committed 14784K, reserved 1048576K
}
Event: 25.299 GC heap before
{Heap before GC invocations=54 (full 0):
 garbage-first heap   total 333824K, used 233673K [0x0000000080000000, 0x0000000100000000)
  region size 1024K, 120 young (122880K), 3 survivors (3072K)
 Metaspace       used 109998K, committed 110720K, reserved 1179648K
  class space    used 15314K, committed 15680K, reserved 1048576K
}
Event: 25.321 GC heap after
{Heap after GC invocations=55 (full 0):
 garbage-first heap   total 333824K, used 131496K [0x0000000080000000, 0x0000000100000000)
  region size 1024K, 15 young (15360K), 15 survivors (15360K)
 Metaspace       used 109998K, committed 110720K, reserved 1179648K
  class space    used 15314K, committed 15680K, reserved 1048576K
}
Event: 26.040 GC heap before
{Heap before GC invocations=55 (full 0):
 garbage-first heap   total 333824K, used 242088K [0x0000000080000000, 0x0000000100000000)
  region size 1024K, 124 young (126976K), 15 survivors (15360K)
 Metaspace       used 114101K, committed 114880K, reserved 1179648K
  class space    used 16055K, committed 16448K, reserved 1048576K
}
Event: 26.065 GC heap after
{Heap after GC invocations=56 (full 0):
 garbage-first heap   total 333824K, used 140764K [0x0000000080000000, 0x0000000100000000)
  region size 1024K, 9 young (9216K), 9 survivors (9216K)
 Metaspace       used 114101K, committed 114880K, reserved 1179648K
  class space    used 16055K, committed 16448K, reserved 1048576K
}
Event: 26.532 GC heap before
{Heap before GC invocations=56 (full 0):
 garbage-first heap   total 333824K, used 252380K [0x0000000080000000, 0x0000000100000000)
  region size 1024K, 119 young (121856K), 9 survivors (9216K)
 Metaspace       used 115067K, committed 115840K, reserved 1179648K
  class space    used 16124K, committed 16512K, reserved 1048576K
}
Event: 26.544 GC heap after
{Heap after GC invocations=57 (full 0):
 garbage-first heap   total 333824K, used 141098K [0x0000000080000000, 0x0000000100000000)
  region size 1024K, 9 young (9216K), 9 survivors (9216K)
 Metaspace       used 115067K, committed 115840K, reserved 1179648K
  class space    used 16124K, committed 16512K, reserved 1048576K
}
Event: 26.996 GC heap before
{Heap before GC invocations=57 (full 0):
 garbage-first heap   total 333824K, used 263978K [0x0000000080000000, 0x0000000100000000)
  region size 1024K, 129 young (132096K), 9 survivors (9216K)
 Metaspace       used 116509K, committed 117312K, reserved 1179648K
  class space    used 16371K, committed 16768K, reserved 1048576K
}

