# JRE version: OpenJDK Runtime Environment (17.0.10) (build 17.0.10+0--11609105)
# Java VM: OpenJDK 64-Bit Server VM (17.0.10+0--11609105, mixed mode, tiered, compressed oops, compressed class ptrs, g1 gc, windows-amd64)
GC Precious Log:
 CPUs: 8 total, 8 available
 Memory: 7502M
 Large Page Support: Disabled
 NUMA Support: Disabled
 Compressed Oops: Enabled (32-bit)
 Heap Region Size: 1M
 Heap Min Capacity: 8M
 Heap Initial Capacity: 118M
 Heap Max Capacity: 2G
 Pre-touch: Disabled
 Parallel Workers: 8
 Concurrent Workers: 2
 Concurrent Refinement Workers: 8
 Periodic GC: Disabled
Heap:
 garbage-first heap   total 142336K, used 82219K [0x0000000080000000, 0x0000000100000000)
  region size 1024K, 1 young (1024K), 1 survivors (1024K)
 Metaspace       used 92549K, committed 93184K, reserved 1179648K
  class space    used 12291K, committed 12608K, reserved 1048576K
GC Heap History (20 events):
Event: 8.094 GC heap after
{Heap after GC invocations=22 (full 0):
 garbage-first heap   total 117760K, used 59203K [0x0000000080000000, 0x0000000100000000)
  region size 1024K, 3 young (3072K), 3 survivors (3072K)
 Metaspace       used 64598K, committed 65216K, reserved 1114112K
  class space    used 8623K, committed 8896K, reserved 1048576K
}
Event: 8.465 GC heap before
{Heap before GC invocations=22 (full 0):
 garbage-first heap   total 117760K, used 87875K [0x0000000080000000, 0x0000000100000000)
  region size 1024K, 31 young (31744K), 3 survivors (3072K)
 Metaspace       used 67272K, committed 67776K, reserved 1114112K
  class space    used 8965K, committed 9216K, reserved 1048576K
}
Event: 8.468 GC heap after
{Heap after GC invocations=23 (full 0):
 garbage-first heap   total 117760K, used 61294K [0x0000000080000000, 0x0000000100000000)
  region size 1024K, 2 young (2048K), 2 survivors (2048K)
 Metaspace       used 67272K, committed 67776K, reserved 1114112K
  class space    used 8965K, committed 9216K, reserved 1048576K
}
Event: 8.932 GC heap before
{Heap before GC invocations=24 (full 0):
 garbage-first heap   total 117760K, used 90990K [0x0000000080000000, 0x0000000100000000)
  region size 1024K, 31 young (31744K), 2 survivors (2048K)
 Metaspace       used 70355K, committed 70912K, reserved 1114112K
  class space    used 9348K, committed 9600K, reserved 1048576K
}
Event: 8.936 GC heap after
{Heap after GC invocations=25 (full 0):
 garbage-first heap   total 141312K, used 63548K [0x0000000080000000, 0x0000000100000000)
  region size 1024K, 4 young (4096K), 4 survivors (4096K)
 Metaspace       used 70355K, committed 70912K, reserved 1114112K
  class space    used 9348K, committed 9600K, reserved 1048576K
}
Event: 9.542 GC heap before
{Heap before GC invocations=25 (full 0):
 garbage-first heap   total 141312K, used 106556K [0x0000000080000000, 0x0000000100000000)
  region size 1024K, 46 young (47104K), 4 survivors (4096K)
 Metaspace       used 74928K, committed 75456K, reserved 1179648K
  class space    used 9961K, committed 10240K, reserved 1048576K
}
Event: 9.547 GC heap after
{Heap after GC invocations=26 (full 0):
 garbage-first heap   total 141312K, used 68383K [0x0000000080000000, 0x0000000100000000)
  region size 1024K, 6 young (6144K), 6 survivors (6144K)
 Metaspace       used 74928K, committed 75456K, reserved 1179648K
  class space    used 9961K, committed 10240K, reserved 1048576K
}
Event: 10.081 GC heap before
{Heap before GC invocations=26 (full 0):
 garbage-first heap   total 141312K, used 109343K [0x0000000080000000, 0x0000000100000000)
  region size 1024K, 46 young (47104K), 6 survivors (6144K)
 Metaspace       used 77511K, committed 78080K, reserved 1179648K
  class space    used 10309K, committed 10560K, reserved 1048576K
}
Event: 10.089 GC heap after
{Heap after GC invocations=27 (full 0):
 garbage-first heap   total 141312K, used 71098K [0x0000000080000000, 0x0000000100000000)
  region size 1024K, 4 young (4096K), 4 survivors (4096K)
 Metaspace       used 77511K, committed 78080K, reserved 1179648K
  class space    used 10309K, committed 10560K, reserved 1048576K
}
Event: 10.745 GC heap before
{Heap before GC invocations=27 (full 0):
 garbage-first heap   total 141312K, used 111034K [0x0000000080000000, 0x0000000100000000)
  region size 1024K, 43 young (44032K), 4 survivors (4096K)
 Metaspace       used 82122K, committed 82688K, reserved 1179648K
  class space    used 11147K, committed 11392K, reserved 1048576K
}
Event: 10.749 GC heap after
{Heap after GC invocations=28 (full 0):
 garbage-first heap   total 141312K, used 73388K [0x0000000080000000, 0x0000000100000000)
  region size 1024K, 3 young (3072K), 3 survivors (3072K)
 Metaspace       used 82122K, committed 82688K, reserved 1179648K
  class space    used 11147K, committed 11392K, reserved 1048576K
}
Event: 11.342 GC heap before
{Heap before GC invocations=29 (full 0):
 garbage-first heap   total 141312K, used 112300K [0x0000000080000000, 0x0000000100000000)
  region size 1024K, 41 young (41984K), 3 survivors (3072K)
 Metaspace       used 86681K, committed 87296K, reserved 1179648K
  class space    used 11701K, committed 12032K, reserved 1048576K
}
Event: 11.348 GC heap after
{Heap after GC invocations=30 (full 0):
 garbage-first heap   total 141312K, used 78635K [0x0000000080000000, 0x0000000100000000)
  region size 1024K, 6 young (6144K), 6 survivors (6144K)
 Metaspace       used 86681K, committed 87296K, reserved 1179648K
  class space    used 11701K, committed 12032K, reserved 1048576K
}
Event: 11.370 GC heap before
{Heap before GC invocations=30 (full 0):
 garbage-first heap   total 141312K, used 79659K [0x0000000080000000, 0x0000000100000000)
  region size 1024K, 7 young (7168K), 6 survivors (6144K)
 Metaspace       used 86818K, committed 87424K, reserved 1179648K
  class space    used 11730K, committed 12032K, reserved 1048576K
}
Event: 11.374 GC heap after
{Heap after GC invocations=31 (full 0):
 garbage-first heap   total 141312K, used 79087K [0x0000000080000000, 0x0000000100000000)
  region size 1024K, 1 young (1024K), 1 survivors (1024K)
 Metaspace       used 86818K, committed 87424K, reserved 1179648K
  class space    used 11730K, committed 12032K, reserved 1048576K
}
Event: 13.145 GC heap before
{Heap before GC invocations=31 (full 0):
 garbage-first heap   total 141312K, used 111855K [0x0000000080000000, 0x0000000100000000)
  region size 1024K, 34 young (34816K), 1 survivors (1024K)
 Metaspace       used 92009K, committed 92672K, reserved 1179648K
  class space    used 12280K, committed 12608K, reserved 1048576K
}
Event: 13.148 GC heap after
{Heap after GC invocations=32 (full 0):
 garbage-first heap   total 141312K, used 79388K [0x0000000080000000, 0x0000000100000000)
  region size 1024K, 2 young (2048K), 2 survivors (2048K)
 Metaspace       used 92009K, committed 92672K, reserved 1179648K
  class space    used 12280K, committed 12608K, reserved 1048576K
}
Event: 13.875 GC heap before
{Heap before GC invocations=33 (full 0):
 garbage-first heap   total 142336K, used 114204K [0x0000000080000000, 0x0000000100000000)
  region size 1024K, 36 young (36864K), 2 survivors (2048K)
 Metaspace       used 92535K, committed 93184K, reserved 1179648K
  class space    used 12291K, committed 12608K, reserved 1048576K
}
Event: 13.882 GC heap after
{Heap after GC invocations=34 (full 0):
 garbage-first heap   total 142336K, used 82893K [0x0000000080000000, 0x0000000100000000)
  region size 1024K, 5 young (5120K), 5 survivors (5120K)
 Metaspace       used 92535K, committed 93184K, reserved 1179648K
  class space    used 12291K, committed 12608K, reserved 1048576K
}
Event: 13.922 GC heap before
{Heap before GC invocations=34 (full 0):
 garbage-first heap   total 142336K, used 83917K [0x0000000080000000, 0x0000000100000000)
  region size 1024K, 6 young (6144K), 5 survivors (5120K)
 Metaspace       used 92549K, committed 93184K, reserved 1179648K
  class space    used 12291K, committed 12608K, reserved 1048576K
}

