# JRE version: OpenJDK Runtime Environment (17.0.10) (build 17.0.10+0--11609105)
# Java VM: OpenJDK 64-Bit Server VM (17.0.10+0--11609105, mixed mode, tiered, compressed oops, compressed class ptrs, g1 gc, windows-amd64)
GC Precious Log:
 CPUs: 8 total, 8 available
 Memory: 7502M
 Large Page Support: Disabled
 NUMA Support: Disabled
 Compressed Oops: Enabled (32-bit)
 Heap Region Size: 1M
 Heap Min Capacity: 8M
 Heap Initial Capacity: 118M
 Heap Max Capacity: 2G
 Pre-touch: Disabled
 Parallel Workers: 8
 Concurrent Workers: 2
 Concurrent Refinement Workers: 8
 Periodic GC: Disabled
Heap:
 garbage-first heap   total 239616K, used 135073K [0x0000000080000000, 0x0000000100000000)
  region size 1024K, 8 young (8192K), 3 survivors (3072K)
 Metaspace       used 120754K, committed 121408K, reserved 1179648K
  class space    used 15570K, committed 15872K, reserved 1048576K
GC Heap History (20 events):
Event: 23.976 GC heap before
{Heap before GC invocations=44 (full 0):
 garbage-first heap   total 181248K, used 151367K [0x0000000080000000, 0x0000000100000000)
  region size 1024K, 48 young (49152K), 6 survivors (6144K)
 Metaspace       used 110036K, committed 110592K, reserved 1179648K
  class space    used 14161K, committed 14400K, reserved 1048576K
}
Event: 23.985 GC heap after
{Heap after GC invocations=45 (full 0):
 garbage-first heap   total 181248K, used 112025K [0x0000000080000000, 0x0000000100000000)
  region size 1024K, 5 young (5120K), 5 survivors (5120K)
 Metaspace       used 110036K, committed 110592K, reserved 1179648K
  class space    used 14161K, committed 14400K, reserved 1048576K
}
Event: 24.870 GC heap before
{Heap before GC invocations=45 (full 0):
 garbage-first heap   total 181248K, used 149913K [0x0000000080000000, 0x0000000100000000)
  region size 1024K, 42 young (43008K), 5 survivors (5120K)
 Metaspace       used 112572K, committed 113152K, reserved 1179648K
  class space    used 14523K, committed 14784K, reserved 1048576K
}
Event: 24.882 GC heap after
{Heap after GC invocations=46 (full 0):
 garbage-first heap   total 181248K, used 116227K [0x0000000080000000, 0x0000000100000000)
  region size 1024K, 4 young (4096K), 4 survivors (4096K)
 Metaspace       used 112572K, committed 113152K, reserved 1179648K
  class space    used 14523K, committed 14784K, reserved 1048576K
}
Event: 26.368 GC heap before
{Heap before GC invocations=47 (full 0):
 garbage-first heap   total 199680K, used 150019K [0x0000000080000000, 0x0000000100000000)
  region size 1024K, 37 young (37888K), 4 survivors (4096K)
 Metaspace       used 116021K, committed 116608K, reserved 1179648K
  class space    used 15040K, committed 15296K, reserved 1048576K
}
Event: 26.377 GC heap after
{Heap after GC invocations=48 (full 0):
 garbage-first heap   total 199680K, used 119419K [0x0000000080000000, 0x0000000100000000)
  region size 1024K, 4 young (4096K), 4 survivors (4096K)
 Metaspace       used 116021K, committed 116608K, reserved 1179648K
  class space    used 15040K, committed 15296K, reserved 1048576K
}
Event: 26.652 GC heap before
{Heap before GC invocations=48 (full 0):
 garbage-first heap   total 199680K, used 124539K [0x0000000080000000, 0x0000000100000000)
  region size 1024K, 9 young (9216K), 4 survivors (4096K)
 Metaspace       used 117920K, committed 118656K, reserved 1179648K
  class space    used 15246K, committed 15552K, reserved 1048576K
}
Event: 26.657 GC heap after
{Heap after GC invocations=49 (full 0):
 garbage-first heap   total 199680K, used 118564K [0x0000000080000000, 0x0000000100000000)
  region size 1024K, 2 young (2048K), 2 survivors (2048K)
 Metaspace       used 117920K, committed 118656K, reserved 1179648K
  class space    used 15246K, committed 15552K, reserved 1048576K
}
Event: 27.565 GC heap before
{Heap before GC invocations=49 (full 0):
 garbage-first heap   total 199680K, used 169764K [0x0000000080000000, 0x0000000100000000)
  region size 1024K, 48 young (49152K), 2 survivors (2048K)
 Metaspace       used 120497K, committed 121152K, reserved 1179648K
  class space    used 15568K, committed 15872K, reserved 1048576K
}
Event: 27.570 GC heap after
{Heap after GC invocations=50 (full 0):
 garbage-first heap   total 199680K, used 124983K [0x0000000080000000, 0x0000000100000000)
  region size 1024K, 6 young (6144K), 6 survivors (6144K)
 Metaspace       used 120497K, committed 121152K, reserved 1179648K
  class space    used 15568K, committed 15872K, reserved 1048576K
}
Event: 27.710 GC heap before
{Heap before GC invocations=50 (full 0):
 garbage-first heap   total 199680K, used 164919K [0x0000000080000000, 0x0000000100000000)
  region size 1024K, 46 young (47104K), 6 survivors (6144K)
 Metaspace       used 120648K, committed 121344K, reserved 1179648K
  class space    used 15568K, committed 15872K, reserved 1048576K
}
Event: 27.714 GC heap after
{Heap after GC invocations=51 (full 0):
 garbage-first heap   total 199680K, used 126114K [0x0000000080000000, 0x0000000100000000)
  region size 1024K, 2 young (2048K), 2 survivors (2048K)
 Metaspace       used 120648K, committed 121344K, reserved 1179648K
  class space    used 15568K, committed 15872K, reserved 1048576K
}
Event: 27.820 GC heap before
{Heap before GC invocations=51 (full 0):
 garbage-first heap   total 199680K, used 160930K [0x0000000080000000, 0x0000000100000000)
  region size 1024K, 38 young (38912K), 2 survivors (2048K)
 Metaspace       used 120701K, committed 121408K, reserved 1179648K
  class space    used 15568K, committed 15872K, reserved 1048576K
}
Event: 27.823 GC heap after
{Heap after GC invocations=52 (full 0):
 garbage-first heap   total 239616K, used 125323K [0x0000000080000000, 0x0000000100000000)
  region size 1024K, 1 young (1024K), 1 survivors (1024K)
 Metaspace       used 120701K, committed 121408K, reserved 1179648K
  class space    used 15568K, committed 15872K, reserved 1048576K
}
Event: 28.030 GC heap before
{Heap before GC invocations=52 (full 0):
 garbage-first heap   total 239616K, used 203147K [0x0000000080000000, 0x0000000100000000)
  region size 1024K, 70 young (71680K), 1 survivors (1024K)
 Metaspace       used 120722K, committed 121408K, reserved 1179648K
  class space    used 15570K, committed 15872K, reserved 1048576K
}
Event: 28.032 GC heap after
{Heap after GC invocations=53 (full 0):
 garbage-first heap   total 239616K, used 130377K [0x0000000080000000, 0x0000000100000000)
  region size 1024K, 2 young (2048K), 2 survivors (2048K)
 Metaspace       used 120722K, committed 121408K, reserved 1179648K
  class space    used 15570K, committed 15872K, reserved 1048576K
}
Event: 28.193 GC heap before
{Heap before GC invocations=53 (full 0):
 garbage-first heap   total 239616K, used 202057K [0x0000000080000000, 0x0000000100000000)
  region size 1024K, 73 young (74752K), 2 survivors (2048K)
 Metaspace       used 120741K, committed 121408K, reserved 1179648K
  class space    used 15570K, committed 15872K, reserved 1048576K
}
Event: 28.195 GC heap after
{Heap after GC invocations=54 (full 0):
 garbage-first heap   total 239616K, used 130385K [0x0000000080000000, 0x0000000100000000)
  region size 1024K, 2 young (2048K), 2 survivors (2048K)
 Metaspace       used 120741K, committed 121408K, reserved 1179648K
  class space    used 15570K, committed 15872K, reserved 1048576K
}
Event: 28.357 GC heap before
{Heap before GC invocations=54 (full 0):
 garbage-first heap   total 239616K, used 205137K [0x0000000080000000, 0x0000000100000000)
  region size 1024K, 76 young (77824K), 2 survivors (2048K)
 Metaspace       used 120748K, committed 121408K, reserved 1179648K
  class space    used 15570K, committed 15872K, reserved 1048576K
}
Event: 28.359 GC heap after
{Heap after GC invocations=55 (full 0):
 garbage-first heap   total 239616K, used 130136K [0x0000000080000000, 0x0000000100000000)
  region size 1024K, 2 young (2048K), 2 survivors (2048K)
 Metaspace       used 120748K, committed 121408K, reserved 1179648K
  class space    used 15570K, committed 15872K, reserved 1048576K
}

