# JRE version: OpenJDK Runtime Environment (17.0.6) (build 17.0.6+0-b2043.56-10027231)
# Java VM: OpenJDK 64-Bit Server VM (17.0.6+0-b2043.56-10027231, mixed mode, tiered, compressed oops, compressed class ptrs, g1 gc, windows-amd64)
GC Precious Log:
 CPUs: 8 total, 8 available
 Memory: 7502M
 Large Page Support: Disabled
 NUMA Support: Disabled
 Compressed Oops: Enabled (32-bit)
 Heap Region Size: 1M
 Heap Min Capacity: 8M
 Heap Initial Capacity: 118M
 Heap Max Capacity: 2G
 Pre-touch: Disabled
 Parallel Workers: 8
 Concurrent Workers: 2
 Concurrent Refinement Workers: 8
 Periodic GC: Disabled
Heap:
 garbage-first heap   total 301056K, used 244305K [0x0000000080000000, 0x0000000100000000)
  region size 1024K, 1 young (1024K), 1 survivors (1024K)
 Metaspace       used 141151K, committed 142336K, reserved 1179648K
  class space    used 18588K, committed 19200K, reserved 1048576K
GC Heap History (20 events):
Event: 852.113 GC heap after
{Heap after GC invocations=71 (full 0):
 garbage-first heap   total 301056K, used 198505K [0x0000000080000000, 0x0000000100000000)
  region size 1024K, 9 young (9216K), 9 survivors (9216K)
 Metaspace       used 140123K, committed 141248K, reserved 1171456K
  class space    used 18554K, committed 19136K, reserved 1048576K
}
Event: 852.844 GC heap before
{Heap before GC invocations=71 (full 0):
 garbage-first heap   total 301056K, used 249705K [0x0000000080000000, 0x0000000100000000)
  region size 1024K, 59 young (60416K), 9 survivors (9216K)
 Metaspace       used 140397K, committed 141504K, reserved 1171456K
  class space    used 18555K, committed 19136K, reserved 1048576K
}
Event: 852.862 GC heap after
{Heap after GC invocations=72 (full 0):
 garbage-first heap   total 301056K, used 205362K [0x0000000080000000, 0x0000000100000000)
  region size 1024K, 8 young (8192K), 8 survivors (8192K)
 Metaspace       used 140397K, committed 141504K, reserved 1171456K
  class space    used 18555K, committed 19136K, reserved 1048576K
}
Event: 1036.683 GC heap before
{Heap before GC invocations=72 (full 0):
 garbage-first heap   total 301056K, used 267826K [0x0000000080000000, 0x0000000100000000)
  region size 1024K, 52 young (53248K), 8 survivors (8192K)
 Metaspace       used 140492K, committed 141632K, reserved 1171456K
  class space    used 18556K, committed 19136K, reserved 1048576K
}
Event: 1036.696 GC heap after
{Heap after GC invocations=73 (full 0):
 garbage-first heap   total 301056K, used 200873K [0x0000000080000000, 0x0000000100000000)
  region size 1024K, 3 young (3072K), 3 survivors (3072K)
 Metaspace       used 140492K, committed 141632K, reserved 1171456K
  class space    used 18556K, committed 19136K, reserved 1048576K
}
Event: 1037.661 GC heap before
{Heap before GC invocations=73 (full 0):
 garbage-first heap   total 301056K, used 250025K [0x0000000080000000, 0x0000000100000000)
  region size 1024K, 52 young (53248K), 3 survivors (3072K)
 Metaspace       used 140721K, committed 141824K, reserved 1171456K
  class space    used 18566K, committed 19136K, reserved 1048576K
}
Event: 1037.677 GC heap after
{Heap after GC invocations=74 (full 0):
 garbage-first heap   total 301056K, used 207211K [0x0000000080000000, 0x0000000100000000)
  region size 1024K, 7 young (7168K), 7 survivors (7168K)
 Metaspace       used 140721K, committed 141824K, reserved 1171456K
  class space    used 18566K, committed 19136K, reserved 1048576K
}
Event: 1599.648 GC heap before
{Heap before GC invocations=74 (full 0):
 garbage-first heap   total 301056K, used 250219K [0x0000000080000000, 0x0000000100000000)
  region size 1024K, 50 young (51200K), 7 survivors (7168K)
 Metaspace       used 140946K, committed 142144K, reserved 1179648K
  class space    used 18586K, committed 19200K, reserved 1048576K
}
Event: 1599.667 GC heap after
{Heap after GC invocations=75 (full 0):
 garbage-first heap   total 301056K, used 209099K [0x0000000080000000, 0x0000000100000000)
  region size 1024K, 3 young (3072K), 3 survivors (3072K)
 Metaspace       used 140946K, committed 142144K, reserved 1179648K
  class space    used 18586K, committed 19200K, reserved 1048576K
}
Event: 1600.694 GC heap before
{Heap before GC invocations=75 (full 0):
 garbage-first heap   total 301056K, used 253131K [0x0000000080000000, 0x0000000100000000)
  region size 1024K, 47 young (48128K), 3 survivors (3072K)
 Metaspace       used 141065K, committed 142272K, reserved 1179648K
  class space    used 18588K, committed 19200K, reserved 1048576K
}
Event: 1600.716 GC heap after
{Heap after GC invocations=76 (full 0):
 garbage-first heap   total 301056K, used 215168K [0x0000000080000000, 0x0000000100000000)
  region size 1024K, 6 young (6144K), 6 survivors (6144K)
 Metaspace       used 141065K, committed 142272K, reserved 1179648K
  class space    used 18588K, committed 19200K, reserved 1048576K
}
Event: 1601.126 GC heap before
{Heap before GC invocations=76 (full 0):
 garbage-first heap   total 301056K, used 255104K [0x0000000080000000, 0x0000000100000000)
  region size 1024K, 44 young (45056K), 6 survivors (6144K)
 Metaspace       used 141089K, committed 142272K, reserved 1179648K
  class space    used 18588K, committed 19200K, reserved 1048576K
}
Event: 1601.167 GC heap after
{Heap after GC invocations=77 (full 0):
 garbage-first heap   total 301056K, used 232488K [0x0000000080000000, 0x0000000100000000)
  region size 1024K, 6 young (6144K), 6 survivors (6144K)
 Metaspace       used 141089K, committed 142272K, reserved 1179648K
  class space    used 18588K, committed 19200K, reserved 1048576K
}
Event: 1601.395 GC heap before
{Heap before GC invocations=77 (full 0):
 garbage-first heap   total 301056K, used 269352K [0x0000000080000000, 0x0000000100000000)
  region size 1024K, 26 young (26624K), 6 survivors (6144K)
 Metaspace       used 141136K, committed 142336K, reserved 1179648K
  class space    used 18588K, committed 19200K, reserved 1048576K
}
Event: 1601.404 GC heap after
{Heap after GC invocations=78 (full 0):
 garbage-first heap   total 301056K, used 237198K [0x0000000080000000, 0x0000000100000000)
  region size 1024K, 4 young (4096K), 4 survivors (4096K)
 Metaspace       used 141136K, committed 142336K, reserved 1179648K
  class space    used 18588K, committed 19200K, reserved 1048576K
}
Event: 1604.001 GC heap before
{Heap before GC invocations=78 (full 0):
 garbage-first heap   total 301056K, used 255629K [0x0000000080000000, 0x0000000100000000)
  region size 1024K, 22 young (22528K), 4 survivors (4096K)
 Metaspace       used 141143K, committed 142336K, reserved 1179648K
  class space    used 18588K, committed 19200K, reserved 1048576K
}
Event: 1604.009 GC heap after
{Heap after GC invocations=79 (full 0):
 garbage-first heap   total 301056K, used 240188K [0x0000000080000000, 0x0000000100000000)
  region size 1024K, 3 young (3072K), 3 survivors (3072K)
 Metaspace       used 141143K, committed 142336K, reserved 1179648K
  class space    used 18588K, committed 19200K, reserved 1048576K
}
Event: 1604.113 GC heap before
{Heap before GC invocations=79 (full 0):
 garbage-first heap   total 301056K, used 256572K [0x0000000080000000, 0x0000000100000000)
  region size 1024K, 20 young (20480K), 3 survivors (3072K)
 Metaspace       used 141150K, committed 142336K, reserved 1179648K
  class space    used 18588K, committed 19200K, reserved 1048576K
}
Event: 1604.120 GC heap after
{Heap after GC invocations=80 (full 0):
 garbage-first heap   total 301056K, used 244042K [0x0000000080000000, 0x0000000100000000)
  region size 1024K, 3 young (3072K), 3 survivors (3072K)
 Metaspace       used 141150K, committed 142336K, reserved 1179648K
  class space    used 18588K, committed 19200K, reserved 1048576K
}
Event: 1604.171 GC heap before
{Heap before GC invocations=80 (full 0):
 garbage-first heap   total 301056K, used 259402K [0x0000000080000000, 0x0000000100000000)
  region size 1024K, 18 young (18432K), 3 survivors (3072K)
 Metaspace       used 141151K, committed 142336K, reserved 1179648K
  class space    used 18588K, committed 19200K, reserved 1048576K
}

