# JRE version: OpenJDK Runtime Environment (17.0.6) (build 17.0.6+0-b2043.56-10027231)
# Java VM: OpenJDK 64-Bit Server VM (17.0.6+0-b2043.56-10027231, mixed mode, tiered, compressed oops, compressed class ptrs, g1 gc, windows-amd64)
GC Precious Log:
 CPUs: 8 total, 8 available
 Memory: 7502M
 Large Page Support: Disabled
 NUMA Support: Disabled
 Compressed Oops: Enabled (32-bit)
 Heap Region Size: 1M
 Heap Min Capacity: 8M
 Heap Initial Capacity: 118M
 Heap Max Capacity: 1876M
 Pre-touch: Disabled
 Parallel Workers: 8
 Concurrent Workers: 2
 Concurrent Refinement Workers: 8
 Periodic GC: Disabled
Heap:
 garbage-first heap   total 40960K, used 28087K [0x000000008ac00000, 0x0000000100000000)
  region size 1024K, 13 young (13312K), 1 survivors (1024K)
 Metaspace       used 31145K, committed 31424K, reserved 1081344K
  class space    used 3771K, committed 3904K, reserved 1048576K
GC Heap History (8 events):
Event: 1.188 GC heap before
{Heap before GC invocations=0 (full 0):
 garbage-first heap   total 120832K, used 27648K [0x000000008ac00000, 0x0000000100000000)
  region size 1024K, 23 young (23552K), 0 survivors (0K)
 Metaspace       used 13330K, committed 13440K, reserved 1064960K
  class space    used 1283K, committed 1344K, reserved 1048576K
}
Event: 1.195 GC heap after
{Heap after GC invocations=1 (full 0):
 garbage-first heap   total 120832K, used 6922K [0x000000008ac00000, 0x0000000100000000)
  region size 1024K, 3 young (3072K), 3 survivors (3072K)
 Metaspace       used 13330K, committed 13440K, reserved 1064960K
  class space    used 1283K, committed 1344K, reserved 1048576K
}
Event: 2.507 GC heap before
{Heap before GC invocations=1 (full 0):
 garbage-first heap   total 120832K, used 37642K [0x000000008ac00000, 0x0000000100000000)
  region size 1024K, 34 young (34816K), 3 survivors (3072K)
 Metaspace       used 21319K, committed 21504K, reserved 1073152K
  class space    used 2321K, committed 2432K, reserved 1048576K
}
Event: 2.524 GC heap after
{Heap after GC invocations=2 (full 0):
 garbage-first heap   total 120832K, used 10507K [0x000000008ac00000, 0x0000000100000000)
  region size 1024K, 4 young (4096K), 4 survivors (4096K)
 Metaspace       used 21319K, committed 21504K, reserved 1073152K
  class space    used 2321K, committed 2432K, reserved 1048576K
}
Event: 3.335 GC heap before
{Heap before GC invocations=3 (full 0):
 garbage-first heap   total 40960K, used 33035K [0x000000008ac00000, 0x0000000100000000)
  region size 1024K, 23 young (23552K), 4 survivors (4096K)
 Metaspace       used 27143K, committed 27392K, reserved 1073152K
  class space    used 2969K, committed 3072K, reserved 1048576K
}
Event: 3.349 GC heap after
{Heap after GC invocations=4 (full 0):
 garbage-first heap   total 40960K, used 16408K [0x000000008ac00000, 0x0000000100000000)
  region size 1024K, 2 young (2048K), 2 survivors (2048K)
 Metaspace       used 27143K, committed 27392K, reserved 1073152K
  class space    used 2969K, committed 3072K, reserved 1048576K
}
Event: 3.403 GC heap before
{Heap before GC invocations=4 (full 0):
 garbage-first heap   total 40960K, used 16408K [0x000000008ac00000, 0x0000000100000000)
  region size 1024K, 3 young (3072K), 2 survivors (2048K)
 Metaspace       used 27534K, committed 27776K, reserved 1081344K
  class space    used 3015K, committed 3136K, reserved 1048576K
}
Event: 3.410 GC heap after
{Heap after GC invocations=5 (full 0):
 garbage-first heap   total 40960K, used 16823K [0x000000008ac00000, 0x0000000100000000)
  region size 1024K, 1 young (1024K), 1 survivors (1024K)
 Metaspace       used 27534K, committed 27776K, reserved 1081344K
  class space    used 3015K, committed 3136K, reserved 1048576K
}

