# JRE version: OpenJDK Runtime Environment (17.0.10) (build 17.0.10+0--11609105)
# Java VM: OpenJDK 64-Bit Server VM (17.0.10+0--11609105, mixed mode, tiered, compressed oops, compressed class ptrs, g1 gc, windows-amd64)
GC Precious Log:
 CPUs: 8 total, 8 available
 Memory: 7502M
 Large Page Support: Disabled
 NUMA Support: Disabled
 Compressed Oops: Enabled (32-bit)
 Heap Region Size: 1M
 Heap Min Capacity: 8M
 Heap Initial Capacity: 118M
 Heap Max Capacity: 2G
 Pre-touch: Disabled
 Parallel Workers: 8
 Concurrent Workers: 2
 Concurrent Refinement Workers: 8
 Periodic GC: Disabled
Heap:
 garbage-first heap   total 196608K, used 166313K [0x0000000080000000, 0x0000000100000000)
  region size 1024K, 90 young (92160K), 4 survivors (4096K)
 Metaspace       used 61111K, committed 61696K, reserved 1114112K
  class space    used 8131K, committed 8384K, reserved 1048576K
GC Heap History (20 events):
Event: 12.292 GC heap before
{Heap before GC invocations=24 (full 0):
 garbage-first heap   total 128000K, used 97143K [0x0000000080000000, 0x0000000100000000)
  region size 1024K, 34 young (34816K), 1 survivors (1024K)
 Metaspace       used 60556K, committed 61184K, reserved 1114112K
  class space    used 8113K, committed 8384K, reserved 1048576K
}
Event: 12.301 GC heap after
{Heap after GC invocations=25 (full 0):
 garbage-first heap   total 128000K, used 67405K [0x0000000080000000, 0x0000000100000000)
  region size 1024K, 5 young (5120K), 5 survivors (5120K)
 Metaspace       used 60556K, committed 61184K, reserved 1114112K
  class space    used 8113K, committed 8384K, reserved 1048576K
}
Event: 12.531 GC heap before
{Heap before GC invocations=25 (full 0):
 garbage-first heap   total 128000K, used 79693K [0x0000000080000000, 0x0000000100000000)
  region size 1024K, 19 young (19456K), 5 survivors (5120K)
 Metaspace       used 60711K, committed 61312K, reserved 1114112K
  class space    used 8116K, committed 8384K, reserved 1048576K
}
Event: 12.537 GC heap after
{Heap after GC invocations=26 (full 0):
 garbage-first heap   total 128000K, used 69922K [0x0000000080000000, 0x0000000100000000)
  region size 1024K, 3 young (3072K), 3 survivors (3072K)
 Metaspace       used 60711K, committed 61312K, reserved 1114112K
  class space    used 8116K, committed 8384K, reserved 1048576K
}
Event: 12.724 GC heap before
{Heap before GC invocations=27 (full 0):
 garbage-first heap   total 152576K, used 110882K [0x0000000080000000, 0x0000000100000000)
  region size 1024K, 32 young (32768K), 3 survivors (3072K)
 Metaspace       used 60916K, committed 61504K, reserved 1114112K
  class space    used 8123K, committed 8384K, reserved 1048576K
}
Event: 12.728 GC heap after
{Heap after GC invocations=28 (full 0):
 garbage-first heap   total 152576K, used 77440K [0x0000000080000000, 0x0000000100000000)
  region size 1024K, 2 young (2048K), 2 survivors (2048K)
 Metaspace       used 60916K, committed 61504K, reserved 1114112K
  class space    used 8123K, committed 8384K, reserved 1048576K
}
Event: 12.890 GC heap before
{Heap before GC invocations=28 (full 0):
 garbage-first heap   total 152576K, used 118400K [0x0000000080000000, 0x0000000100000000)
  region size 1024K, 43 young (44032K), 2 survivors (2048K)
 Metaspace       used 61040K, committed 61632K, reserved 1114112K
  class space    used 8124K, committed 8384K, reserved 1048576K
}
Event: 12.893 GC heap after
{Heap after GC invocations=29 (full 0):
 garbage-first heap   total 152576K, used 77399K [0x0000000080000000, 0x0000000100000000)
  region size 1024K, 2 young (2048K), 2 survivors (2048K)
 Metaspace       used 61040K, committed 61632K, reserved 1114112K
  class space    used 8124K, committed 8384K, reserved 1048576K
}
Event: 13.048 GC heap before
{Heap before GC invocations=30 (full 0):
 garbage-first heap   total 160768K, used 123479K [0x0000000080000000, 0x0000000100000000)
  region size 1024K, 48 young (49152K), 2 survivors (2048K)
 Metaspace       used 61052K, committed 61632K, reserved 1114112K
  class space    used 8124K, committed 8384K, reserved 1048576K
}
Event: 13.051 GC heap after
{Heap after GC invocations=31 (full 0):
 garbage-first heap   total 160768K, used 77841K [0x0000000080000000, 0x0000000100000000)
  region size 1024K, 2 young (2048K), 2 survivors (2048K)
 Metaspace       used 61052K, committed 61632K, reserved 1114112K
  class space    used 8124K, committed 8384K, reserved 1048576K
}
Event: 13.190 GC heap before
{Heap before GC invocations=31 (full 0):
 garbage-first heap   total 160768K, used 133137K [0x0000000080000000, 0x0000000100000000)
  region size 1024K, 56 young (57344K), 2 survivors (2048K)
 Metaspace       used 61058K, committed 61632K, reserved 1114112K
  class space    used 8124K, committed 8384K, reserved 1048576K
}
Event: 13.193 GC heap after
{Heap after GC invocations=32 (full 0):
 garbage-first heap   total 160768K, used 78077K [0x0000000080000000, 0x0000000100000000)
  region size 1024K, 3 young (3072K), 3 survivors (3072K)
 Metaspace       used 61058K, committed 61632K, reserved 1114112K
  class space    used 8124K, committed 8384K, reserved 1048576K
}
Event: 13.425 GC heap before
{Heap before GC invocations=33 (full 0):
 garbage-first heap   total 160768K, used 133373K [0x0000000080000000, 0x0000000100000000)
  region size 1024K, 58 young (59392K), 3 survivors (3072K)
 Metaspace       used 61060K, committed 61632K, reserved 1114112K
  class space    used 8124K, committed 8384K, reserved 1048576K
}
Event: 13.428 GC heap after
{Heap after GC invocations=34 (full 0):
 garbage-first heap   total 160768K, used 78415K [0x0000000080000000, 0x0000000100000000)
  region size 1024K, 3 young (3072K), 3 survivors (3072K)
 Metaspace       used 61060K, committed 61632K, reserved 1114112K
  class space    used 8124K, committed 8384K, reserved 1048576K
}
Event: 13.608 GC heap before
{Heap before GC invocations=34 (full 0):
 garbage-first heap   total 160768K, used 134735K [0x0000000080000000, 0x0000000100000000)
  region size 1024K, 59 young (60416K), 3 survivors (3072K)
 Metaspace       used 61092K, committed 61696K, reserved 1114112K
  class space    used 8131K, committed 8384K, reserved 1048576K
}
Event: 13.611 GC heap after
{Heap after GC invocations=35 (full 0):
 garbage-first heap   total 160768K, used 78905K [0x0000000080000000, 0x0000000100000000)
  region size 1024K, 3 young (3072K), 3 survivors (3072K)
 Metaspace       used 61092K, committed 61696K, reserved 1114112K
  class space    used 8131K, committed 8384K, reserved 1048576K
}
Event: 13.903 GC heap before
{Heap before GC invocations=36 (full 0):
 garbage-first heap   total 160768K, used 137273K [0x0000000080000000, 0x0000000100000000)
  region size 1024K, 60 young (61440K), 3 survivors (3072K)
 Metaspace       used 61110K, committed 61696K, reserved 1114112K
  class space    used 8131K, committed 8384K, reserved 1048576K
}
Event: 13.906 GC heap after
{Heap after GC invocations=37 (full 0):
 garbage-first heap   total 160768K, used 78622K [0x0000000080000000, 0x0000000100000000)
  region size 1024K, 3 young (3072K), 3 survivors (3072K)
 Metaspace       used 61110K, committed 61696K, reserved 1114112K
  class space    used 8131K, committed 8384K, reserved 1048576K
}
Event: 14.220 GC heap before
{Heap before GC invocations=37 (full 0):
 garbage-first heap   total 160768K, used 138014K [0x0000000080000000, 0x0000000100000000)
  region size 1024K, 61 young (62464K), 3 survivors (3072K)
 Metaspace       used 61111K, committed 61696K, reserved 1114112K
  class space    used 8131K, committed 8384K, reserved 1048576K
}
Event: 14.224 GC heap after
{Heap after GC invocations=38 (full 0):
 garbage-first heap   total 196608K, used 79273K [0x0000000080000000, 0x0000000100000000)
  region size 1024K, 4 young (4096K), 4 survivors (4096K)
 Metaspace       used 61111K, committed 61696K, reserved 1114112K
  class space    used 8131K, committed 8384K, reserved 1048576K
}

