# JRE version: OpenJDK Runtime Environment (17.0.10) (build 17.0.10+0--11609105)
# Java VM: OpenJDK 64-Bit Server VM (17.0.10+0--11609105, mixed mode, tiered, compressed oops, compressed class ptrs, g1 gc, windows-amd64)
GC Precious Log:
 CPUs: 8 total, 8 available
 Memory: 7502M
 Large Page Support: Disabled
 NUMA Support: Disabled
 Compressed Oops: Enabled (32-bit)
 Heap Region Size: 1M
 Heap Min Capacity: 8M
 Heap Initial Capacity: 118M
 Heap Max Capacity: 2G
 Pre-touch: Disabled
 Parallel Workers: 8
 Concurrent Workers: 2
 Concurrent Refinement Workers: 8
 Periodic GC: Disabled
Heap:
 garbage-first heap   total 136192K, used 83514K [0x0000000080000000, 0x0000000100000000)
  region size 1024K, 4 young (4096K), 4 survivors (4096K)
 Metaspace       used 100122K, committed 100800K, reserved 1179648K
  class space    used 13354K, committed 13696K, reserved 1048576K
GC Heap History (20 events):
Event: 12.725 GC heap after
{Heap after GC invocations=25 (full 0):
 garbage-first heap   total 136192K, used 76266K [0x0000000080000000, 0x0000000100000000)
  region size 1024K, 5 young (5120K), 5 survivors (5120K)
 Metaspace       used 86555K, committed 87168K, reserved 1179648K
  class space    used 11676K, committed 11968K, reserved 1048576K
}
Event: 12.810 GC heap before
{Heap before GC invocations=26 (full 0):
 garbage-first heap   total 136192K, used 78314K [0x0000000080000000, 0x0000000100000000)
  region size 1024K, 9 young (9216K), 5 survivors (5120K)
 Metaspace       used 86976K, committed 87616K, reserved 1179648K
  class space    used 11769K, committed 12096K, reserved 1048576K
}
Event: 12.850 GC heap after
{Heap after GC invocations=27 (full 1):
 garbage-first heap   total 136192K, used 70544K [0x0000000080000000, 0x0000000100000000)
  region size 1024K, 0 young (0K), 0 survivors (0K)
 Metaspace       used 86976K, committed 87616K, reserved 1179648K
  class space    used 11769K, committed 12096K, reserved 1048576K
}
Event: 12.866 GC heap before
{Heap before GC invocations=27 (full 1):
 garbage-first heap   total 136192K, used 70544K [0x0000000080000000, 0x0000000100000000)
  region size 1024K, 1 young (1024K), 0 survivors (0K)
 Metaspace       used 86976K, committed 87616K, reserved 1179648K
  class space    used 11769K, committed 12096K, reserved 1048576K
}
Event: 12.900 GC heap after
{Heap after GC invocations=28 (full 2):
 garbage-first heap   total 136192K, used 70540K [0x0000000080000000, 0x0000000100000000)
  region size 1024K, 0 young (0K), 0 survivors (0K)
 Metaspace       used 86976K, committed 87616K, reserved 1179648K
  class space    used 11769K, committed 12096K, reserved 1048576K
}
Event: 12.913 GC heap before
{Heap before GC invocations=28 (full 2):
 garbage-first heap   total 136192K, used 70540K [0x0000000080000000, 0x0000000100000000)
  region size 1024K, 1 young (1024K), 0 survivors (0K)
 Metaspace       used 86976K, committed 87616K, reserved 1179648K
  class space    used 11769K, committed 12096K, reserved 1048576K
}
Event: 12.951 GC heap after
{Heap after GC invocations=29 (full 3):
 garbage-first heap   total 136192K, used 70540K [0x0000000080000000, 0x0000000100000000)
  region size 1024K, 0 young (0K), 0 survivors (0K)
 Metaspace       used 86976K, committed 87616K, reserved 1179648K
  class space    used 11769K, committed 12096K, reserved 1048576K
}
Event: 13.424 GC heap before
{Heap before GC invocations=29 (full 3):
 garbage-first heap   total 136192K, used 70540K [0x0000000080000000, 0x0000000100000000)
  region size 1024K, 1 young (1024K), 0 survivors (0K)
 Metaspace       used 87015K, committed 87616K, reserved 1179648K
  class space    used 11775K, committed 12096K, reserved 1048576K
}
Event: 13.464 GC heap after
{Heap after GC invocations=30 (full 4):
 garbage-first heap   total 136192K, used 70545K [0x0000000080000000, 0x0000000100000000)
  region size 1024K, 0 young (0K), 0 survivors (0K)
 Metaspace       used 87015K, committed 87616K, reserved 1179648K
  class space    used 11775K, committed 12096K, reserved 1048576K
}
Event: 13.500 GC heap before
{Heap before GC invocations=30 (full 4):
 garbage-first heap   total 136192K, used 70545K [0x0000000080000000, 0x0000000100000000)
  region size 1024K, 1 young (1024K), 0 survivors (0K)
 Metaspace       used 87015K, committed 87616K, reserved 1179648K
  class space    used 11775K, committed 12096K, reserved 1048576K
}
Event: 13.546 GC heap after
{Heap after GC invocations=31 (full 5):
 garbage-first heap   total 136192K, used 70545K [0x0000000080000000, 0x0000000100000000)
  region size 1024K, 0 young (0K), 0 survivors (0K)
 Metaspace       used 87015K, committed 87616K, reserved 1179648K
  class space    used 11775K, committed 12096K, reserved 1048576K
}
Event: 253.698 GC heap before
{Heap before GC invocations=31 (full 5):
 garbage-first heap   total 136192K, used 105361K [0x0000000080000000, 0x0000000100000000)
  region size 1024K, 35 young (35840K), 0 survivors (0K)
 Metaspace       used 92445K, committed 93120K, reserved 1179648K
  class space    used 12325K, committed 12672K, reserved 1048576K
}
Event: 253.701 GC heap after
{Heap after GC invocations=32 (full 5):
 garbage-first heap   total 136192K, used 71949K [0x0000000080000000, 0x0000000100000000)
  region size 1024K, 2 young (2048K), 2 survivors (2048K)
 Metaspace       used 92445K, committed 93120K, reserved 1179648K
  class space    used 12325K, committed 12672K, reserved 1048576K
}
Event: 351.039 GC heap before
{Heap before GC invocations=32 (full 5):
 garbage-first heap   total 136192K, used 107789K [0x0000000080000000, 0x0000000100000000)
  region size 1024K, 37 young (37888K), 2 survivors (2048K)
 Metaspace       used 92745K, committed 93440K, reserved 1179648K
  class space    used 12335K, committed 12672K, reserved 1048576K
}
Event: 351.048 GC heap after
{Heap after GC invocations=33 (full 5):
 garbage-first heap   total 136192K, used 74725K [0x0000000080000000, 0x0000000100000000)
  region size 1024K, 5 young (5120K), 5 survivors (5120K)
 Metaspace       used 92745K, committed 93440K, reserved 1179648K
  class space    used 12335K, committed 12672K, reserved 1048576K
}
Event: 351.510 GC heap before
{Heap before GC invocations=33 (full 5):
 garbage-first heap   total 136192K, used 107493K [0x0000000080000000, 0x0000000100000000)
  region size 1024K, 38 young (38912K), 5 survivors (5120K)
 Metaspace       used 93650K, committed 94336K, reserved 1179648K
  class space    used 12416K, committed 12736K, reserved 1048576K
}
Event: 351.524 GC heap after
{Heap after GC invocations=34 (full 5):
 garbage-first heap   total 136192K, used 78349K [0x0000000080000000, 0x0000000100000000)
  region size 1024K, 5 young (5120K), 5 survivors (5120K)
 Metaspace       used 93650K, committed 94336K, reserved 1179648K
  class space    used 12416K, committed 12736K, reserved 1048576K
}
Event: 351.984 GC heap before
{Heap before GC invocations=34 (full 5):
 garbage-first heap   total 136192K, used 108045K [0x0000000080000000, 0x0000000100000000)
  region size 1024K, 34 young (34816K), 5 survivors (5120K)
 Metaspace       used 96789K, committed 97472K, reserved 1179648K
  class space    used 12918K, committed 13248K, reserved 1048576K
}
Event: 351.994 GC heap after
{Heap after GC invocations=35 (full 5):
 garbage-first heap   total 136192K, used 80154K [0x0000000080000000, 0x0000000100000000)
  region size 1024K, 2 young (2048K), 2 survivors (2048K)
 Metaspace       used 96789K, committed 97472K, reserved 1179648K
  class space    used 12918K, committed 13248K, reserved 1048576K
}
Event: 352.498 GC heap before
{Heap before GC invocations=35 (full 5):
 garbage-first heap   total 136192K, used 109850K [0x0000000080000000, 0x0000000100000000)
  region size 1024K, 31 young (31744K), 2 survivors (2048K)
 Metaspace       used 100122K, committed 100800K, reserved 1179648K
  class space    used 13354K, committed 13696K, reserved 1048576K
}

